#
# A fatal error has been detected by the Java Runtime Environment:
#
#  SIGSEGV (0xb) at pc=0x00007fae841d4a7a, pid=22455, tid=0x00007fae465c8700
#
# JRE version: Java(TM) SE Runtime Environment (8.0_111-b14) (build 1.8.0_111-b14)
# Java VM: Java HotSpot(TM) 64-Bit Server VM (25.111-b14 mixed mode linux-amd64 compressed oops)
# Problematic frame:
# v  ~BufferBlob::jni_fast_GetLongField
#
# Failed to write core dump. Core dumps have been disabled. To enable core dumping, try "ulimit -c unlimited" before starting Java again
#
# If you would like to submit a bug report, please visit:
#   http://bugreport.java.com/bugreport/crash.jsp
# The crash happened outside the Java Virtual Machine in native code.
# See problematic frame for where to report the bug.
#

---------------  T H R E A D  ---------------

Current thread (0x00007fae9422f000):  JavaThread "AWT-XAWT" daemon [_thread_in_native, id=22475, stack(0x00007fae464c8000,0x00007fae465c9000)]

siginfo: si_signo: 11 (SIGSEGV), si_code: 1 (SEGV_MAPERR), si_addr: 0x0000000000000000

Registers:
RAX=0x00007fae994c5520, RBX=0x00007fae9422f1f8, RCX=0x00007fae99f2c2c0, RDX=0x0000000000000042
RSP=0x00007fae465c7688, RBP=0x00007fae465c76b0, RSI=0x0000000000000000, RDI=0x00007fae9422f1f8
R8 =0x00000000d8072cf8, R9 =0x0000000000000000, R10=0x000000000000002e, R11=0x00000000000001f4
R12=0x00007fae30092700, R13=0x0000000000000000, R14=0x00007fae802cd7e0, R15=0x00007fae9422f000
RIP=0x00007fae841d4a7a, EFLAGS=0x0000000000010246, CSGSFS=0x0000000000000033, ERR=0x0000000000000004
  TRAPNO=0x000000000000000e

Top of Stack: (sp=0x00007fae465c7688)
0x00007fae465c7688:   00007fae800abee1 00007fae44c80848
0x00007fae465c7698:   00007fae30092700 00007fae845e1650
0x00007fae465c76a8:   00007fae465c7730 0000000000000000
0x00007fae465c76b8:   00007fae47b183c0 00007fae44c80848
0x00007fae465c76c8:   00007fae465c76f0 0000000000000000
0x00007fae465c76d8:   00007fae47b0ff93 00007fae845e1650
0x00007fae465c76e8:   00007fae800a511f 00007fae465c7740
0x00007fae465c76f8:   00007fae845c4336 00000000d82e75d8
0x00007fae465c7708:   00000000d829ff40 00000000d828ae30
0x00007fae465c7718:   00000000d838ba90 00000000d86bde20
0x00007fae465c7728:   00000000d838bad0 00000000d82a0c60
0x00007fae465c7738:   0000000000000272 00007fae465c7980
0x00007fae465c7748:   00007fae845e57bc 0000000000000059
0x00007fae465c7758:   00007fae82c29eb8 00007fae9422bfc0
0x00007fae465c7768:   00007fae38000020 0000000000000040
0x00007fae465c7778:   0000000000000040 00007fae845e1650
0x00007fae465c7788:   0000000000000000 00007fae465c7830
0x00007fae465c7798:   00007fae995b45a4 00007fae465c78f0
0x00007fae465c77a8:   00007fae994c8284 00007fae465c77f0
0x00007fae465c77b8:   00007fae98e5cbd5 00000004465c7800
0x00007fae465c77c8:   00007fae465c7830 0000000000000040
0x00007fae465c77d8:   00007fae465c7830 0000000000000040
0x00007fae465c77e8:   00007fae845e1650 00007fae465c7890
0x00007fae465c77f8:   00007fae98f02a95 00007fae465c78b0
0x00007fae465c7808:   000000008418bb98 00007fae841705d0
0x00007fae465c7818:   00000000d8300f80 00000000d82d36b8
0x00007fae465c7828:   00000000d8300f80 0000000000000000
0x00007fae465c7838:   00000000d82d36b8 00000000d82d36b8
0x00007fae465c7848:   00000000d8300f80 00000000d8300f80
0x00007fae465c7858:   00000000d82d36b8 0000000000000000
0x00007fae465c7868:   00000000d82d2f70 00000000d8072bc0
0x00007fae465c7878:   00000000d800a5b0 00007fae38000e30 

Instructions: (pc=0x00007fae841d4a7a)
0x00007fae841d4a5a:   00 00 00 00 00 00 44 8b 15 21 05 33 15 4c 8b ce
0x00007fae841d4a6a:   41 f6 c2 01 0f 85 2e 00 00 00 4d 33 ca 4d 33 ca
0x00007fae841d4a7a:   4d 8b 09 4c 8b da 49 c1 eb 02 4b 8b 04 19 49 bb
0x00007fae841d4a8a:   88 4f 50 99 ae 7f 00 00 4c 33 d8 4c 33 d8 45 3b 

Register to memory mapping:

RAX=0x00007fae994c5520: <offset 0xf84520> in /home/sulistiana/jdk1.8.0_111/jre/lib/amd64/server/libjvm.so at 0x00007fae98541000
RBX=0x00007fae9422f1f8 is an unknown value
RCX=0x00007fae99f2c2c0: <offset 0x2182c0> in /lib/x86_64-linux-gnu/libpthread.so.0 at 0x00007fae99d14000
RDX=0x0000000000000042 is an unknown value
RSP=0x00007fae465c7688 is pointing into the stack for thread: 0x00007fae9422f000
RBP=0x00007fae465c76b0 is pointing into the stack for thread: 0x00007fae9422f000
RSI=0x0000000000000000 is an unknown value
RDI=0x00007fae9422f1f8 is an unknown value
R8 =0x00000000d8072cf8 is an oop
sun.util.logging.PlatformLogger$Level 
 - klass: 'sun/util/logging/PlatformLogger$Level'
R9 =0x0000000000000000 is an unknown value
R10=0x000000000000002e is an unknown value
R11=0x00000000000001f4 is an unknown value
R12=0x00007fae30092700 is an unknown value
R13=0x0000000000000000 is an unknown value
R14=0x00007fae802cd7e0: <offset 0x2587e0> in /home/sulistiana/jdk1.8.0_111/jre/lib/amd64/libawt_xawt.so at 0x00007fae80075000
R15=0x00007fae9422f000 is a thread


Stack: [0x00007fae464c8000,0x00007fae465c9000],  sp=0x00007fae465c7688,  free space=1021k
Native frames: (J=compiled Java code, j=interpreted, Vv=VM code, C=native code)
v  ~BufferBlob::jni_fast_GetLongField
C  [libX11.so.6+0x643c0]  _XimServerDestroy+0x70

Java frames: (J=compiled Java code, j=interpreted, Vv=VM code)
J 1412  sun.awt.X11.XlibWrapper.XFilterEvent(JJ)Z (0 bytes) @ 0x00007fae845c42c4 [0x00007fae845c4280+0x44]
J 1441% C1 sun.awt.X11.XToolkit.run(Z)V (410 bytes) @ 0x00007fae845e57bc [0x00007fae845e2020+0x379c]
j  sun.awt.X11.XToolkit.run()V+5
j  java.lang.Thread.run()V+11
v  ~StubRoutines::call_stub

---------------  P R O C E S S  ---------------

Java Threads: ( => current thread )
  0x00007fae300d3800 JavaThread "Abandoned connection cleanup thread" daemon [_thread_blocked, id=22492, stack(0x00007fae4551b000,0x00007fae4561c000)]
  0x00007fae3005f000 JavaThread "TimerQueue" daemon [_thread_blocked, id=22478, stack(0x00007fae4561c000,0x00007fae4571d000)]
  0x00007fae94009800 JavaThread "DestroyJavaVM" [_thread_blocked, id=22460, stack(0x00007fae9a02c000,0x00007fae9a12d000)]
  0x00007fae942bc800 JavaThread "AWT-EventQueue-0" [_thread_blocked, id=22477, stack(0x00007fae45b9d000,0x00007fae45c9e000)]
  0x00007fae942bb000 JavaThread "AWT-Shutdown" [_thread_blocked, id=22476, stack(0x00007fae45c9e000,0x00007fae45d9f000)]
=>0x00007fae9422f000 JavaThread "AWT-XAWT" daemon [_thread_in_native, id=22475, stack(0x00007fae464c8000,0x00007fae465c9000)]
  0x00007fae94211000 JavaThread "Java2D Disposer" daemon [_thread_blocked, id=22474, stack(0x00007fae7002d000,0x00007fae7012e000)]
  0x00007fae940c1000 JavaThread "Service Thread" daemon [_thread_blocked, id=22472, stack(0x00007fae803cf000,0x00007fae804d0000)]
  0x00007fae940be000 JavaThread "C1 CompilerThread2" daemon [_thread_blocked, id=22471, stack(0x00007fae804d0000,0x00007fae805d1000)]
  0x00007fae940bc000 JavaThread "C2 CompilerThread1" daemon [_thread_blocked, id=22470, stack(0x00007fae805d1000,0x00007fae806d2000)]
  0x00007fae940b9000 JavaThread "C2 CompilerThread0" daemon [_thread_blocked, id=22469, stack(0x00007fae806d2000,0x00007fae807d3000)]
  0x00007fae940b7800 JavaThread "Signal Dispatcher" daemon [_thread_in_vm, id=22468, stack(0x00007fae807d3000,0x00007fae808d4000)]
  0x00007fae94084000 JavaThread "Finalizer" daemon [_thread_blocked, id=22467, stack(0x00007fae81294000,0x00007fae81395000)]
  0x00007fae9407f800 JavaThread "Reference Handler" daemon [_thread_blocked, id=22466, stack(0x00007fae81395000,0x00007fae81496000)]

Other Threads:
  0x00007fae94077800 VMThread [stack: 0x00007fae81496000,0x00007fae81597000] [id=22465]
  0x00007fae940c3800 WatcherThread [stack: 0x00007fae802ce000,0x00007fae803cf000] [id=22473]

VM state:not at safepoint (normal execution)

VM Mutex/Monitor currently owned by a thread:  ([mutex/lock_event])
[0x00007fae94006030] Threads_lock - owner thread: 0x00007fae940b7800

Heap:
 PSYoungGen      total 35840K, used 15980K [0x00000000d8000000, 0x00000000da800000, 0x0000000100000000)
  eden space 30720K, 52% used [0x00000000d8000000,0x00000000d8f9b100,0x00000000d9e00000)
  from space 5120K, 0% used [0x00000000da300000,0x00000000da300000,0x00000000da800000)
  to   space 5120K, 0% used [0x00000000d9e00000,0x00000000d9e00000,0x00000000da300000)
 ParOldGen       total 81920K, used 0K [0x0000000088000000, 0x000000008d000000, 0x00000000d8000000)
  object space 81920K, 0% used [0x0000000088000000,0x0000000088000000,0x000000008d000000)
 Metaspace       used 16709K, capacity 16858K, committed 17280K, reserved 1064960K
  class space    used 1971K, capacity 2053K, committed 2176K, reserved 1048576K

Card table byte_map: [0x00007fae839ea000,0x00007fae83dab000] byte_map_base: 0x00007fae835aa000

Marking Bits: (ParMarkBitMap*) 0x00007fae99504220
 Begin Bits: [0x00007fae70400000, 0x00007fae72200000)
 End Bits:   [0x00007fae72200000, 0x00007fae74000000)

Polling page: 0x00007fae9a153000

CodeCache: size=245760Kb used=4644Kb max_used=4644Kb free=241115Kb
 bounds [0x00007fae8416b000, 0x00007fae845fb000, 0x00007fae9316b000]
 total_blobs=2057 nmethods=1442 adapters=528
 compilation: enabled

Compilation events (10 events):
Event: 6061,998 Thread 0x00007fae940be000 1438 % !   3       com.mysql.jdbc.AbandonedConnectionCleanupThread::run @ 11 (68 bytes)
Event: 6062,001 Thread 0x00007fae940be000 nmethod 1438% 0x00007fae845dcb50 code [0x00007fae845dcdc0, 0x00007fae845ddc18]
Event: 6164,553 Thread 0x00007fae940be000 1439   !   3       com.mysql.jdbc.AbandonedConnectionCleanupThread::run (68 bytes)
Event: 6164,554 Thread 0x00007fae940be000 nmethod 1439 0x00007fae845de310 code [0x00007fae845de580, 0x00007fae845df3d8]
Event: 10163,737 Thread 0x00007fae940b9000 1440 % !   4       com.mysql.jdbc.AbandonedConnectionCleanupThread::run @ 11 (68 bytes)
Event: 10163,744 Thread 0x00007fae940b9000 nmethod 1440% 0x00007fae845db790 code [0x00007fae845db900, 0x00007fae845dbd88]
Event: 28894,883 Thread 0x00007fae940be000 1441 % !   3       sun.awt.X11.XToolkit::run @ 59 (410 bytes)
Event: 28894,896 Thread 0x00007fae940be000 nmethod 1441% 0x00007fae845e1650 code [0x00007fae845e2020, 0x00007fae845e9998]
Event: 29407,496 Thread 0x00007fae940be000 1442   !   3       sun.awt.X11.XToolkit::run (410 bytes)
Event: 29407,509 Thread 0x00007fae940be000 nmethod 1442 0x00007fae845ee690 code [0x00007fae845ef040, 0x00007fae845f53f8]

GC Heap History (0 events):
No events

Deoptimization events (9 events):
Event: 4,674 Thread 0x00007fae942bc800 Uncommon trap: reason=class_check action=maybe_recompile pc=0x00007fae842cddf0 method=java.lang.String.equals(Ljava/lang/Object;)Z @ 8
Event: 4,674 Thread 0x00007fae942bc800 Uncommon trap: reason=class_check action=maybe_recompile pc=0x00007fae842cddf0 method=java.lang.String.equals(Ljava/lang/Object;)Z @ 8
Event: 5,053 Thread 0x00007fae942bc800 Uncommon trap: reason=class_check action=maybe_recompile pc=0x00007fae842cddf0 method=java.lang.String.equals(Ljava/lang/Object;)Z @ 8
Event: 5,053 Thread 0x00007fae942bc800 Uncommon trap: reason=class_check action=maybe_recompile pc=0x00007fae842cddf0 method=java.lang.String.equals(Ljava/lang/Object;)Z @ 8
Event: 13,039 Thread 0x00007fae942bc800 Uncommon trap: reason=unstable_if action=reinterpret pc=0x00007fae84310ed0 method=java.util.Properties.loadConvert([CII[C)Ljava/lang/String; @ 72
Event: 13,135 Thread 0x00007fae942bc800 Uncommon trap: reason=bimorphic action=maybe_recompile pc=0x00007fae8450f598 method=java.util.Properties$LineReader.readLine()I @ 62
Event: 13,135 Thread 0x00007fae942bc800 Uncommon trap: reason=bimorphic action=maybe_recompile pc=0x00007fae8450f598 method=java.util.Properties$LineReader.readLine()I @ 62
Event: 13,272 Thread 0x00007fae942bc800 Uncommon trap: reason=unstable_if action=reinterpret pc=0x00007fae8448035c method=java.lang.StrictMath.floorOrCeil(DDDD)D @ 8
Event: 13,298 Thread 0x00007fae942bc800 Uncommon trap: reason=unstable_if action=reinterpret pc=0x00007fae843e6e6c method=java.util.HashMap.putVal(ILjava/lang/Object;Ljava/lang/Object;ZZ)Ljava/lang/Object; @ 109

Internal exceptions (10 events):
Event: 0,303 Thread 0x00007fae94009800 Exception <a 'java/lang/ClassNotFoundException': javax/swing/JToolBarSeparator> (0x00000000d84a7610) thrown at [/HUDSON3/workspace/8-2-build-linux-amd64/jdk8u111/7883/hotspot/src/share/vm/classfile/systemDictionary.cpp, line 210]
Event: 0,303 Thread 0x00007fae94009800 Exception <a 'java/lang/ClassNotFoundException': ToolBarSeparator> (0x00000000d84a7aa8) thrown at [/HUDSON3/workspace/8-2-build-linux-amd64/jdk8u111/7883/hotspot/src/share/vm/classfile/systemDictionary.cpp, line 210]
Event: 0,304 Thread 0x00007fae94009800 Exception <a 'java/lang/ClassNotFoundException': ToolTip> (0x00000000d84a81e8) thrown at [/HUDSON3/workspace/8-2-build-linux-amd64/jdk8u111/7883/hotspot/src/share/vm/classfile/systemDictionary.cpp, line 210]
Event: 0,305 Thread 0x00007fae94009800 Exception <a 'java/lang/ClassNotFoundException': Tree> (0x00000000d84a8e08) thrown at [/HUDSON3/workspace/8-2-build-linux-amd64/jdk8u111/7883/hotspot/src/share/vm/classfile/systemDictionary.cpp, line 210]
Event: 0,305 Thread 0x00007fae94009800 Exception <a 'java/lang/ClassNotFoundException': Tree> (0x00000000d84a9548) thrown at [/HUDSON3/workspace/8-2-build-linux-amd64/jdk8u111/7883/hotspot/src/share/vm/classfile/systemDictionary.cpp, line 210]
Event: 0,305 Thread 0x00007fae94009800 Exception <a 'java/lang/ClassNotFoundException': javax/swing/JTreeCell> (0x00000000d84a98c8) thrown at [/HUDSON3/workspace/8-2-build-linux-amd64/jdk8u111/7883/hotspot/src/share/vm/classfile/systemDictionary.cpp, line 210]
Event: 0,305 Thread 0x00007fae94009800 Exception <a 'java/lang/ClassNotFoundException': TreeCell> (0x00000000d84a9d50) thrown at [/HUDSON3/workspace/8-2-build-linux-amd64/jdk8u111/7883/hotspot/src/share/vm/classfile/systemDictionary.cpp, line 210]
Event: 0,305 Thread 0x00007fae94009800 Exception <a 'java/lang/ClassNotFoundException': RootPane> (0x00000000d84aa7b0) thrown at [/HUDSON3/workspace/8-2-build-linux-amd64/jdk8u111/7883/hotspot/src/share/vm/classfile/systemDictionary.cpp, line 210]
Event: 0,533 Thread 0x00007fae942bc800 Exception <a 'java/lang/UnsupportedOperationException': > (0x00000000d8716938) thrown at [/HUDSON3/workspace/8-2-build-linux-amd64/jdk8u111/7883/hotspot/src/share/vm/prims/jni.cpp, line 735]
Event: 13,373 Thread 0x00007fae942bc800 Exception <a 'java/lang/UnsupportedOperationException': > (0x00000000d8ec0160) thrown at [/HUDSON3/workspace/8-2-build-linux-amd64/jdk8u111/7883/hotspot/src/share/vm/prims/jni.cpp, line 735]

Events (10 events):
Event: 15,332 loading class javax/swing/Autoscroller
Event: 15,332 loading class javax/swing/Autoscroller done
Event: 15,334 loading class sun/awt/X11/XErrorEvent
Event: 15,334 loading class sun/awt/X11/XErrorEvent done
Event: 4269,442 loading class sun/awt/X11/XkbEvent
Event: 4269,443 loading class sun/awt/X11/XkbEvent done
Event: 4269,443 loading class sun/awt/X11/XkbAnyEvent
Event: 4269,443 loading class sun/awt/X11/XkbAnyEvent done
Event: 10983,826 Thread 0x00007fae300d3800 DEOPT PACKING pc=0x00007fae845dda96 sp=0x00007fae4561a700
Event: 10983,826 Thread 0x00007fae300d3800 DEOPT UNPACKING pc=0x00007fae841b2633 sp=0x00007fae4561a4e0 mode 0


Dynamic libraries:
00400000-00401000 r-xp 00000000 08:06 1349610                            /home/sulistiana/jdk1.8.0_111/bin/java
00600000-00601000 rw-p 00000000 08:06 1349610                            /home/sulistiana/jdk1.8.0_111/bin/java
00834000-00855000 rw-p 00000000 00:00 0                                  [heap]
88000000-8d000000 rw-p 00000000 00:00 0 
8d000000-d8000000 ---p 00000000 00:00 0 
d8000000-da800000 rw-p 00000000 00:00 0 
da800000-100000000 ---p 00000000 00:00 0 
100000000-100220000 rw-p 00000000 00:00 0 
100220000-140000000 ---p 00000000 00:00 0 
7fae28000000-7fae28021000 rw-p 00000000 00:00 0 
7fae28021000-7fae2c000000 ---p 00000000 00:00 0 
7fae30000000-7fae30328000 rw-p 00000000 00:00 0 
7fae30328000-7fae34000000 ---p 00000000 00:00 0 
7fae34000000-7fae34021000 rw-p 00000000 00:00 0 
7fae34021000-7fae38000000 ---p 00000000 00:00 0 
7fae38000000-7fae38027000 rw-p 00000000 00:00 0 
7fae38027000-7fae3c000000 ---p 00000000 00:00 0 
7fae3c000000-7fae3c021000 rw-p 00000000 00:00 0 
7fae3c021000-7fae40000000 ---p 00000000 00:00 0 
7fae40000000-7fae40021000 rw-p 00000000 00:00 0 
7fae40021000-7fae44000000 ---p 00000000 00:00 0 
7fae44af2000-7fae44cb3000 rw-p 00000000 00:00 0 
7fae44cb3000-7fae44df3000 ---p 00000000 00:00 0 
7fae44df3000-7fae44ff3000 rw-p 00000000 00:00 0 
7fae44ff3000-7fae4501d000 r-xp 00000000 08:06 1349696                    /home/sulistiana/jdk1.8.0_111/jre/lib/amd64/libdcpr.so
7fae4501d000-7fae4521d000 ---p 0002a000 08:06 1349696                    /home/sulistiana/jdk1.8.0_111/jre/lib/amd64/libdcpr.so
7fae4521d000-7fae45220000 rw-p 0002a000 08:06 1349696                    /home/sulistiana/jdk1.8.0_111/jre/lib/amd64/libdcpr.so
7fae45220000-7fae45420000 rw-p 00000000 00:00 0 
7fae45420000-7fae4545b000 r--s 00000000 08:05 1311802                    /var/cache/fontconfig/365b55f210c0a22e9a19e35191240f32-le64.cache-6
7fae4551b000-7fae4551e000 ---p 00000000 00:00 0 
7fae4551e000-7fae4561c000 rw-p 00000000 00:00 0 
7fae4561c000-7fae4561f000 ---p 00000000 00:00 0 
7fae4561f000-7fae4571d000 rw-p 00000000 00:00 0 
7fae4571d000-7fae45786000 r-xp 00000000 08:06 1349755                    /home/sulistiana/jdk1.8.0_111/jre/lib/amd64/libt2k.so
7fae45786000-7fae45986000 ---p 00069000 08:06 1349755                    /home/sulistiana/jdk1.8.0_111/jre/lib/amd64/libt2k.so
7fae45986000-7fae4598d000 rw-p 00069000 08:06 1349755                    /home/sulistiana/jdk1.8.0_111/jre/lib/amd64/libt2k.so
7fae4598d000-7fae45b9d000 rw-p 00000000 00:00 0 
7fae45b9d000-7fae45ba0000 ---p 00000000 00:00 0 
7fae45ba0000-7fae45c9e000 rw-p 00000000 00:00 0 
7fae45c9e000-7fae45ca1000 ---p 00000000 00:00 0 
7fae45ca1000-7fae45d9f000 rw-p 00000000 00:00 0 
7fae45d9f000-7fae45db0000 r-xp 00000000 08:06 1349716                    /home/sulistiana/jdk1.8.0_111/jre/lib/amd64/libnio.so
7fae45db0000-7fae45faf000 ---p 00011000 08:06 1349716                    /home/sulistiana/jdk1.8.0_111/jre/lib/amd64/libnio.so
7fae45faf000-7fae45fb0000 rw-p 00010000 08:06 1349716                    /home/sulistiana/jdk1.8.0_111/jre/lib/amd64/libnio.so
7fae45fb0000-7fae462b1000 rw-p 00000000 00:00 0 
7fae462b1000-7fae462c7000 r-xp 00000000 08:06 1349691                    /home/sulistiana/jdk1.8.0_111/jre/lib/amd64/libnet.so
7fae462c7000-7fae464c7000 ---p 00016000 08:06 1349691                    /home/sulistiana/jdk1.8.0_111/jre/lib/amd64/libnet.so
7fae464c7000-7fae464c8000 rw-p 00016000 08:06 1349691                    /home/sulistiana/jdk1.8.0_111/jre/lib/amd64/libnet.so
7fae464c8000-7fae464cb000 ---p 00000000 00:00 0 
7fae464cb000-7fae465c9000 rw-p 00000000 00:00 0 
7fae465c9000-7fae465ce000 r-xp 00000000 08:05 533076                     /usr/lib/x86_64-linux-gnu/libXfixes.so.3.1.0
7fae465ce000-7fae467cd000 ---p 00005000 08:05 533076                     /usr/lib/x86_64-linux-gnu/libXfixes.so.3.1.0
7fae467cd000-7fae467ce000 r--p 00004000 08:05 533076                     /usr/lib/x86_64-linux-gnu/libXfixes.so.3.1.0
7fae467ce000-7fae467cf000 rw-p 00005000 08:05 533076                     /usr/lib/x86_64-linux-gnu/libXfixes.so.3.1.0
7fae467cf000-7fae467d8000 r-xp 00000000 08:05 533068                     /usr/lib/x86_64-linux-gnu/libXcursor.so.1.0.2
7fae467d8000-7fae469d7000 ---p 00009000 08:05 533068                     /usr/lib/x86_64-linux-gnu/libXcursor.so.1.0.2
7fae469d7000-7fae469d8000 r--p 00008000 08:05 533068                     /usr/lib/x86_64-linux-gnu/libXcursor.so.1.0.2
7fae469d8000-7fae469d9000 rw-p 00009000 08:05 533068                     /usr/lib/x86_64-linux-gnu/libXcursor.so.1.0.2
7fae469d9000-7fae469ef000 r-xp 00000000 08:05 2888670                    /lib/x86_64-linux-gnu/libgcc_s.so.1
7fae469ef000-7fae46bee000 ---p 00016000 08:05 2888670                    /lib/x86_64-linux-gnu/libgcc_s.so.1
7fae46bee000-7fae46bef000 rw-p 00015000 08:05 2888670                    /lib/x86_64-linux-gnu/libgcc_s.so.1
7fae46bef000-7fae46c54000 r-xp 00000000 08:06 1349710                    /home/sulistiana/jdk1.8.0_111/jre/lib/amd64/libfontmanager.so
7fae46c54000-7fae46e53000 ---p 00065000 08:06 1349710                    /home/sulistiana/jdk1.8.0_111/jre/lib/amd64/libfontmanager.so
7fae46e53000-7fae46e58000 rw-p 00064000 08:06 1349710                    /home/sulistiana/jdk1.8.0_111/jre/lib/amd64/libfontmanager.so
7fae46e58000-7fae46e68000 rw-p 00000000 00:00 0 
7fae46e68000-7fae46e6d000 r-xp 00000000 08:05 533072                     /usr/lib/x86_64-linux-gnu/libXdmcp.so.6.0.0
7fae46e6d000-7fae4706c000 ---p 00005000 08:05 533072                     /usr/lib/x86_64-linux-gnu/libXdmcp.so.6.0.0
7fae4706c000-7fae4706d000 r--p 00004000 08:05 533072                     /usr/lib/x86_64-linux-gnu/libXdmcp.so.6.0.0
7fae4706d000-7fae4706e000 rw-p 00005000 08:05 533072                     /usr/lib/x86_64-linux-gnu/libXdmcp.so.6.0.0
7fae4706e000-7fae47070000 r-xp 00000000 08:05 533061                     /usr/lib/x86_64-linux-gnu/libXau.so.6.0.0
7fae47070000-7fae47270000 ---p 00002000 08:05 533061                     /usr/lib/x86_64-linux-gnu/libXau.so.6.0.0
7fae47270000-7fae47271000 r--p 00002000 08:05 533061                     /usr/lib/x86_64-linux-gnu/libXau.so.6.0.0
7fae47271000-7fae47272000 rw-p 00003000 08:05 533061                     /usr/lib/x86_64-linux-gnu/libXau.so.6.0.0
7fae47272000-7fae47293000 r-xp 00000000 08:05 534439                     /usr/lib/x86_64-linux-gnu/libxcb.so.1.1.0
7fae47293000-7fae47492000 ---p 00021000 08:05 534439                     /usr/lib/x86_64-linux-gnu/libxcb.so.1.1.0
7fae47492000-7fae47493000 r--p 00020000 08:05 534439                     /usr/lib/x86_64-linux-gnu/libxcb.so.1.1.0
7fae47493000-7fae47494000 rw-p 00021000 08:05 534439                     /usr/lib/x86_64-linux-gnu/libxcb.so.1.1.0
7fae47494000-7fae474a3000 r-xp 00000000 08:05 533082                     /usr/lib/x86_64-linux-gnu/libXi.so.6.1.0
7fae474a3000-7fae476a2000 ---p 0000f000 08:05 533082                     /usr/lib/x86_64-linux-gnu/libXi.so.6.1.0
7fae476a2000-7fae476a3000 r--p 0000e000 08:05 533082                     /usr/lib/x86_64-linux-gnu/libXi.so.6.1.0
7fae476a3000-7fae476a4000 rw-p 0000f000 08:05 533082                     /usr/lib/x86_64-linux-gnu/libXi.so.6.1.0
7fae476a4000-7fae476a9000 r-xp 00000000 08:05 533100                     /usr/lib/x86_64-linux-gnu/libXtst.so.6.1.0
7fae476a9000-7fae478a8000 ---p 00005000 08:05 533100                     /usr/lib/x86_64-linux-gnu/libXtst.so.6.1.0
7fae478a8000-7fae478a9000 r--p 00004000 08:05 533100                     /usr/lib/x86_64-linux-gnu/libXtst.so.6.1.0
7fae478a9000-7fae478aa000 rw-p 00005000 08:05 533100                     /usr/lib/x86_64-linux-gnu/libXtst.so.6.1.0
7fae478aa000-7fae478b3000 r-xp 00000000 08:05 533094                     /usr/lib/x86_64-linux-gnu/libXrender.so.1.3.0
7fae478b3000-7fae47ab2000 ---p 00009000 08:05 533094                     /usr/lib/x86_64-linux-gnu/libXrender.so.1.3.0
7fae47ab2000-7fae47ab3000 r--p 00008000 08:05 533094                     /usr/lib/x86_64-linux-gnu/libXrender.so.1.3.0
7fae47ab3000-7fae47ab4000 rw-p 00009000 08:05 533094                     /usr/lib/x86_64-linux-gnu/libXrender.so.1.3.0
7fae47ab4000-7fae47be9000 r-xp 00000000 08:05 533057                     /usr/lib/x86_64-linux-gnu/libX11.so.6.3.0
7fae47be9000-7fae47de9000 ---p 00135000 08:05 533057                     /usr/lib/x86_64-linux-gnu/libX11.so.6.3.0
7fae47de9000-7fae47dea000 r--p 00135000 08:05 533057                     /usr/lib/x86_64-linux-gnu/libX11.so.6.3.0
7fae47dea000-7fae47dee000 rw-p 00136000 08:05 533057                     /usr/lib/x86_64-linux-gnu/libX11.so.6.3.0
7fae47dee000-7fae47dff000 r-xp 00000000 08:05 533074                     /usr/lib/x86_64-linux-gnu/libXext.so.6.4.0
7fae47dff000-7fae47ffe000 ---p 00011000 08:05 533074                     /usr/lib/x86_64-linux-gnu/libXext.so.6.4.0
7fae47ffe000-7fae47fff000 r--p 00010000 08:05 533074                     /usr/lib/x86_64-linux-gnu/libXext.so.6.4.0
7fae47fff000-7fae48000000 rw-p 00011000 08:05 533074                     /usr/lib/x86_64-linux-gnu/libXext.so.6.4.0
7fae48000000-7fae48021000 rw-p 00000000 00:00 0 
7fae48021000-7fae4c000000 ---p 00000000 00:00 0 
7fae4c000000-7fae4c021000 rw-p 00000000 00:00 0 
7fae4c021000-7fae50000000 ---p 00000000 00:00 0 
7fae50000000-7fae500bd000 rw-p 00000000 00:00 0 
7fae500bd000-7fae54000000 ---p 00000000 00:00 0 
7fae54000000-7fae5455b000 rw-p 00000000 00:00 0 
7fae5455b000-7fae58000000 ---p 00000000 00:00 0 
7fae58000000-7fae58021000 rw-p 00000000 00:00 0 
7fae58021000-7fae5c000000 ---p 00000000 00:00 0 
7fae5c000000-7fae5c108000 rw-p 00000000 00:00 0 
7fae5c108000-7fae60000000 ---p 00000000 00:00 0 
7fae60000000-7fae60021000 rw-p 00000000 00:00 0 
7fae60021000-7fae64000000 ---p 00000000 00:00 0 
7fae64000000-7fae64021000 rw-p 00000000 00:00 0 
7fae64021000-7fae68000000 ---p 00000000 00:00 0 
7fae68000000-7fae68021000 rw-p 00000000 00:00 0 
7fae68021000-7fae6c000000 ---p 00000000 00:00 0 
7fae6c000000-7fae6c021000 rw-p 00000000 00:00 0 
7fae6c021000-7fae70000000 ---p 00000000 00:00 0 
7fae70022000-7fae7002d000 r--s 00000000 08:05 1313885                    /var/cache/fontconfig/945677eb7aeaf62f1d50efc3fb3ec7d8-le64.cache-6
7fae7002d000-7fae70030000 ---p 00000000 00:00 0 
7fae70030000-7fae7012e000 rw-p 00000000 00:00 0 
7fae7012e000-7fae701d0000 r-xp 00000000 08:06 1349758                    /home/sulistiana/jdk1.8.0_111/jre/lib/amd64/libawt.so
7fae701d0000-7fae703d0000 ---p 000a2000 08:06 1349758                    /home/sulistiana/jdk1.8.0_111/jre/lib/amd64/libawt.so
7fae703d0000-7fae703dc000 rw-p 000a2000 08:06 1349758                    /home/sulistiana/jdk1.8.0_111/jre/lib/amd64/libawt.so
7fae703dc000-7fae74000000 rw-p 00000000 00:00 0 
7fae74000000-7fae74021000 rw-p 00000000 00:00 0 
7fae74021000-7fae78000000 ---p 00000000 00:00 0 
7fae78000000-7fae78021000 rw-p 00000000 00:00 0 
7fae78021000-7fae7c000000 ---p 00000000 00:00 0 
7fae7c000000-7fae7c021000 rw-p 00000000 00:00 0 
7fae7c021000-7fae80000000 ---p 00000000 00:00 0 
7fae80000000-7fae80002000 r--s 00000000 08:05 1319971                    /var/cache/fontconfig/99e8ed0e538f840c565b6ed5dad60d56-le64.cache-6
7fae80002000-7fae8000b000 r--s 00000000 08:05 1319970                    /var/cache/fontconfig/a6d8cf8e4ec09cdbc8633c31745a07dd-le64.cache-6
7fae8000b000-7fae80011000 r--s 00000000 08:05 1316038                    /var/cache/fontconfig/2cd17615ca594fa2959ae173292e504c-le64.cache-6
7fae80011000-7fae80012000 r--s 00000000 08:05 1316030                    /var/cache/fontconfig/0d8c3b2ac0904cb8a57a757ad11a4a08-le64.cache-6
7fae80012000-7fae80016000 r--s 00000000 08:05 1316017                    /var/cache/fontconfig/de156ccd2eddbdc19d37a45b8b2aac9c-le64.cache-6
7fae80016000-7fae8002b000 r--s 00000000 08:05 1315054                    /var/cache/fontconfig/04aabc0a78ac019cf9454389977116d2-le64.cache-6
7fae8002b000-7fae8002c000 r--s 00000000 08:05 1315053                    /var/cache/fontconfig/1ac9eb803944fde146138c791f5cc56a-le64.cache-6
7fae8002c000-7fae80030000 r--s 00000000 08:05 1315052                    /var/cache/fontconfig/385c0604a188198f04d133e54aba7fe7-le64.cache-6
7fae80030000-7fae80031000 r--s 00000000 08:05 1315051                    /var/cache/fontconfig/dc05db6664285cc2f12bf69c139ae4c3-le64.cache-6
7fae80031000-7fae80034000 r--s 00000000 08:05 1315050                    /var/cache/fontconfig/767a8244fc0220cfb567a839d0392e0b-le64.cache-6
7fae80034000-7fae80035000 r--s 00000000 08:05 1315049                    /var/cache/fontconfig/4794a0821666d79190d59a36cb4f44b5-le64.cache-6
7fae80035000-7fae8003a000 r--s 00000000 08:05 1315047                    /var/cache/fontconfig/8801497958630a81b71ace7c5f9b32a8-le64.cache-6
7fae8003a000-7fae8003b000 r--s 00000000 08:05 1315046                    /var/cache/fontconfig/bab58bb527bb656aaa9f116d68a48d89-le64.cache-6
7fae8003b000-7fae80042000 r--s 00000000 08:05 1315045                    /var/cache/fontconfig/3047814df9a2f067bd2d96a2b9c36e5a-le64.cache-6
7fae80042000-7fae80048000 r--s 00000000 08:05 1315042                    /var/cache/fontconfig/b47c4e1ecd0709278f4910c18777a504-le64.cache-6
7fae80048000-7fae80050000 r--s 00000000 08:05 1319969                    /var/cache/fontconfig/52f7bdb7ce746bfd7eaa1985bd9cfa93-le64.cache-6
7fae80050000-7fae80063000 r--s 00000000 08:05 1315041                    /var/cache/fontconfig/d52a8644073d54c13679302ca1180695-le64.cache-6
7fae80063000-7fae80075000 r--s 00000000 08:05 1313172                    /var/cache/fontconfig/9b89f8e3dae116d678bbf48e5f21f69b-le64.cache-6
7fae80075000-7fae800c9000 r-xp 00000000 08:06 1349718                    /home/sulistiana/jdk1.8.0_111/jre/lib/amd64/libawt_xawt.so
7fae800c9000-7fae802c9000 ---p 00054000 08:06 1349718                    /home/sulistiana/jdk1.8.0_111/jre/lib/amd64/libawt_xawt.so
7fae802c9000-7fae802cd000 rw-p 00054000 08:06 1349718                    /home/sulistiana/jdk1.8.0_111/jre/lib/amd64/libawt_xawt.so
7fae802cd000-7fae802ce000 rw-p 00000000 00:00 0 
7fae802ce000-7fae802cf000 ---p 00000000 00:00 0 
7fae802cf000-7fae803cf000 rw-p 00000000 00:00 0 
7fae803cf000-7fae803d2000 ---p 00000000 00:00 0 
7fae803d2000-7fae804d0000 rw-p 00000000 00:00 0 
7fae804d0000-7fae804d3000 ---p 00000000 00:00 0 
7fae804d3000-7fae805d1000 rw-p 00000000 00:00 0 
7fae805d1000-7fae805d4000 ---p 00000000 00:00 0 
7fae805d4000-7fae806d2000 rw-p 00000000 00:00 0 
7fae806d2000-7fae806d5000 ---p 00000000 00:00 0 
7fae806d5000-7fae807d3000 rw-p 00000000 00:00 0 
7fae807d3000-7fae807d6000 ---p 00000000 00:00 0 
7fae807d6000-7fae808d4000 rw-p 00000000 00:00 0 
7fae808d4000-7fae81294000 r--p 00000000 08:05 531798                     /usr/lib/locale/locale-archive
7fae81294000-7fae81297000 ---p 00000000 00:00 0 
7fae81297000-7fae81395000 rw-p 00000000 00:00 0 
7fae81395000-7fae81398000 ---p 00000000 00:00 0 
7fae81398000-7fae81496000 rw-p 00000000 00:00 0 
7fae81496000-7fae81497000 ---p 00000000 00:00 0 
7fae81497000-7fae82558000 rw-p 00000000 00:00 0 
7fae82558000-7fae82730000 r--s 03d2a000 08:06 1349684                    /home/sulistiana/jdk1.8.0_111/jre/lib/rt.jar
7fae82730000-7fae83366000 rw-p 00000000 00:00 0 
7fae83366000-7fae83367000 ---p 00000000 00:00 0 
7fae83367000-7fae83467000 rw-p 00000000 00:00 0 
7fae83467000-7fae83468000 ---p 00000000 00:00 0 
7fae83468000-7fae83568000 rw-p 00000000 00:00 0 
7fae83568000-7fae83569000 ---p 00000000 00:00 0 
7fae83569000-7fae83669000 rw-p 00000000 00:00 0 
7fae83669000-7fae8366a000 ---p 00000000 00:00 0 
7fae8366a000-7fae83792000 rw-p 00000000 00:00 0 
7fae83792000-7fae839ea000 ---p 00000000 00:00 0 
7fae839ea000-7fae83a12000 rw-p 00000000 00:00 0 
7fae83a12000-7fae83c6a000 ---p 00000000 00:00 0 
7fae83c6a000-7fae83c7e000 rw-p 00000000 00:00 0 
7fae83c7e000-7fae83daa000 ---p 00000000 00:00 0 
7fae83daa000-7fae83dbe000 rw-p 00000000 00:00 0 
7fae83dbe000-7fae8416b000 ---p 00000000 00:00 0 
7fae8416b000-7fae845fb000 rwxp 00000000 00:00 0 
7fae845fb000-7fae9316b000 ---p 00000000 00:00 0 
7fae9316b000-7fae93185000 r-xp 00000000 08:06 1349714                    /home/sulistiana/jdk1.8.0_111/jre/lib/amd64/libzip.so
7fae93185000-7fae93385000 ---p 0001a000 08:06 1349714                    /home/sulistiana/jdk1.8.0_111/jre/lib/amd64/libzip.so
7fae93385000-7fae93386000 rw-p 0001a000 08:06 1349714                    /home/sulistiana/jdk1.8.0_111/jre/lib/amd64/libzip.so
7fae93386000-7fae93391000 r-xp 00000000 08:05 2888731                    /lib/x86_64-linux-gnu/libnss_files-2.23.so
7fae93391000-7fae93590000 ---p 0000b000 08:05 2888731                    /lib/x86_64-linux-gnu/libnss_files-2.23.so
7fae93590000-7fae93591000 r--p 0000a000 08:05 2888731                    /lib/x86_64-linux-gnu/libnss_files-2.23.so
7fae93591000-7fae93592000 rw-p 0000b000 08:05 2888731                    /lib/x86_64-linux-gnu/libnss_files-2.23.so
7fae93592000-7fae93598000 rw-p 00000000 00:00 0 
7fae93598000-7fae935a3000 r-xp 00000000 08:05 2888741                    /lib/x86_64-linux-gnu/libnss_nis-2.23.so
7fae935a3000-7fae937a2000 ---p 0000b000 08:05 2888741                    /lib/x86_64-linux-gnu/libnss_nis-2.23.so
7fae937a2000-7fae937a3000 r--p 0000a000 08:05 2888741                    /lib/x86_64-linux-gnu/libnss_nis-2.23.so
7fae937a3000-7fae937a4000 rw-p 0000b000 08:05 2888741                    /lib/x86_64-linux-gnu/libnss_nis-2.23.so
7fae937a4000-7fae937ba000 r-xp 00000000 08:05 2888725                    /lib/x86_64-linux-gnu/libnsl-2.23.so
7fae937ba000-7fae939b9000 ---p 00016000 08:05 2888725                    /lib/x86_64-linux-gnu/libnsl-2.23.so
7fae939b9000-7fae939ba000 r--p 00015000 08:05 2888725                    /lib/x86_64-linux-gnu/libnsl-2.23.so
7fae939ba000-7fae939bb000 rw-p 00016000 08:05 2888725                    /lib/x86_64-linux-gnu/libnsl-2.23.so
7fae939bb000-7fae939bd000 rw-p 00000000 00:00 0 
7fae939bd000-7fae939c5000 r-xp 00000000 08:05 2888727                    /lib/x86_64-linux-gnu/libnss_compat-2.23.so
7fae939c5000-7fae93bc4000 ---p 00008000 08:05 2888727                    /lib/x86_64-linux-gnu/libnss_compat-2.23.so
7fae93bc4000-7fae93bc5000 r--p 00007000 08:05 2888727                    /lib/x86_64-linux-gnu/libnss_compat-2.23.so
7fae93bc5000-7fae93bc6000 rw-p 00008000 08:05 2888727                    /lib/x86_64-linux-gnu/libnss_compat-2.23.so
7fae93bc6000-7fae93bf1000 r-xp 00000000 08:06 1349748                    /home/sulistiana/jdk1.8.0_111/jre/lib/amd64/libjava.so
7fae93bf1000-7fae93df0000 ---p 0002b000 08:06 1349748                    /home/sulistiana/jdk1.8.0_111/jre/lib/amd64/libjava.so
7fae93df0000-7fae93df2000 rw-p 0002a000 08:06 1349748                    /home/sulistiana/jdk1.8.0_111/jre/lib/amd64/libjava.so
7fae93df2000-7fae93dff000 r-xp 00000000 08:06 1349692                    /home/sulistiana/jdk1.8.0_111/jre/lib/amd64/libverify.so
7fae93dff000-7fae93ffe000 ---p 0000d000 08:06 1349692                    /home/sulistiana/jdk1.8.0_111/jre/lib/amd64/libverify.so
7fae93ffe000-7fae94000000 rw-p 0000c000 08:06 1349692                    /home/sulistiana/jdk1.8.0_111/jre/lib/amd64/libverify.so
7fae94000000-7fae94545000 rw-p 00000000 00:00 0 
7fae94545000-7fae98000000 ---p 00000000 00:00 0 
7fae98000000-7fae98001000 r--s 00000000 08:05 1315044                    /var/cache/fontconfig/56cf4f4769d0f4abc89a4895d7bd3ae1-le64.cache-6
7fae98001000-7fae98002000 r--s 00000000 08:05 1315043                    /var/cache/fontconfig/b9d506c9ac06c20b433354fa67a72993-le64.cache-6
7fae98002000-7fae9800f000 r--s 00000000 08:05 1310899                    /var/cache/fontconfig/e13b20fdb08344e0e664864cc2ede53d-le64.cache-6
7fae9800f000-7fae98030000 rw-p 00000000 00:00 0 
7fae98030000-7fae98037000 r-xp 00000000 08:05 2888786                    /lib/x86_64-linux-gnu/librt-2.23.so
7fae98037000-7fae98236000 ---p 00007000 08:05 2888786                    /lib/x86_64-linux-gnu/librt-2.23.so
7fae98236000-7fae98237000 r--p 00006000 08:05 2888786                    /lib/x86_64-linux-gnu/librt-2.23.so
7fae98237000-7fae98238000 rw-p 00007000 08:05 2888786                    /lib/x86_64-linux-gnu/librt-2.23.so
7fae98238000-7fae98340000 r-xp 00000000 08:05 2888702                    /lib/x86_64-linux-gnu/libm-2.23.so
7fae98340000-7fae9853f000 ---p 00108000 08:05 2888702                    /lib/x86_64-linux-gnu/libm-2.23.so
7fae9853f000-7fae98540000 r--p 00107000 08:05 2888702                    /lib/x86_64-linux-gnu/libm-2.23.so
7fae98540000-7fae98541000 rw-p 00108000 08:05 2888702                    /lib/x86_64-linux-gnu/libm-2.23.so
7fae98541000-7fae9920e000 r-xp 00000000 08:06 1349751                    /home/sulistiana/jdk1.8.0_111/jre/lib/amd64/server/libjvm.so
7fae9920e000-7fae9940d000 ---p 00ccd000 08:06 1349751                    /home/sulistiana/jdk1.8.0_111/jre/lib/amd64/server/libjvm.so
7fae9940d000-7fae994e6000 rw-p 00ccc000 08:06 1349751                    /home/sulistiana/jdk1.8.0_111/jre/lib/amd64/server/libjvm.so
7fae994e6000-7fae99531000 rw-p 00000000 00:00 0 
7fae99531000-7fae996f1000 r-xp 00000000 08:05 2888632                    /lib/x86_64-linux-gnu/libc-2.23.so
7fae996f1000-7fae998f0000 ---p 001c0000 08:05 2888632                    /lib/x86_64-linux-gnu/libc-2.23.so
7fae998f0000-7fae998f4000 r--p 001bf000 08:05 2888632                    /lib/x86_64-linux-gnu/libc-2.23.so
7fae998f4000-7fae998f6000 rw-p 001c3000 08:05 2888632                    /lib/x86_64-linux-gnu/libc-2.23.so
7fae998f6000-7fae998fa000 rw-p 00000000 00:00 0 
7fae998fa000-7fae998fd000 r-xp 00000000 08:05 2888656                    /lib/x86_64-linux-gnu/libdl-2.23.so
7fae998fd000-7fae99afc000 ---p 00003000 08:05 2888656                    /lib/x86_64-linux-gnu/libdl-2.23.so
7fae99afc000-7fae99afd000 r--p 00002000 08:05 2888656                    /lib/x86_64-linux-gnu/libdl-2.23.so
7fae99afd000-7fae99afe000 rw-p 00003000 08:05 2888656                    /lib/x86_64-linux-gnu/libdl-2.23.so
7fae99afe000-7fae99b13000 r-xp 00000000 08:06 1346235                    /home/sulistiana/jdk1.8.0_111/lib/amd64/jli/libjli.so
7fae99b13000-7fae99d13000 ---p 00015000 08:06 1346235                    /home/sulistiana/jdk1.8.0_111/lib/amd64/jli/libjli.so
7fae99d13000-7fae99d14000 rw-p 00015000 08:06 1346235                    /home/sulistiana/jdk1.8.0_111/lib/amd64/jli/libjli.so
7fae99d14000-7fae99d2c000 r-xp 00000000 08:05 2888778                    /lib/x86_64-linux-gnu/libpthread-2.23.so
7fae99d2c000-7fae99f2b000 ---p 00018000 08:05 2888778                    /lib/x86_64-linux-gnu/libpthread-2.23.so
7fae99f2b000-7fae99f2c000 r--p 00017000 08:05 2888778                    /lib/x86_64-linux-gnu/libpthread-2.23.so
7fae99f2c000-7fae99f2d000 rw-p 00018000 08:05 2888778                    /lib/x86_64-linux-gnu/libpthread-2.23.so
7fae99f2d000-7fae99f31000 rw-p 00000000 00:00 0 
7fae99f31000-7fae99f57000 r-xp 00000000 08:05 2888604                    /lib/x86_64-linux-gnu/ld-2.23.so
7fae99f57000-7fae99f62000 r--s 00000000 08:05 1315034                    /var/cache/fontconfig/83bf95040141907cd45bb53cf7c1c148-le64.cache-6
7fae99f62000-7fae9a02c000 rw-p 00000000 00:00 0 
7fae9a02c000-7fae9a02f000 ---p 00000000 00:00 0 
7fae9a02f000-7fae9a131000 rw-p 00000000 00:00 0 
7fae9a131000-7fae9a132000 r--s 00000000 08:05 1315040                    /var/cache/fontconfig/551ecf3b0e8b0bca0f25c0944f561853-le64.cache-6
7fae9a132000-7fae9a136000 r--s 00000000 08:05 1313081                    /var/cache/fontconfig/d589a48862398ed80a3d6066f4f56f4c-le64.cache-6
7fae9a136000-7fae9a137000 r--s 00000000 08:05 1315038                    /var/cache/fontconfig/30829fa25452a46451e813d634d7f916-le64.cache-6
7fae9a137000-7fae9a138000 r--s 00000000 08:05 1315037                    /var/cache/fontconfig/0c9eb80ebd1c36541ebe2852d3bb0c49-le64.cache-6
7fae9a138000-7fae9a13b000 r--s 00000000 08:05 1315035                    /var/cache/fontconfig/75114ca45c98e8a441da0ff356701271-le64.cache-6
7fae9a13b000-7fae9a13f000 r--s 00000000 08:05 1313492                    /var/cache/fontconfig/7ef2298fde41cc6eeb7af42e48b7d293-le64.cache-6
7fae9a13f000-7fae9a142000 r--s 00000000 08:06 1450965                    /home/sulistiana/.cache/fontconfig/ed6f1cd1ea37f7f30be579f423c5116b-le64.cache-6
7fae9a142000-7fae9a14a000 r--s 000c4000 08:06 1354931                    /home/sulistiana/netbeans-8.2/ide/modules/ext/mysql-connector-java-5.1.23-bin.jar
7fae9a14a000-7fae9a152000 rw-s 00000000 08:05 3278147                    /tmp/hsperfdata_sulistiana/22455
7fae9a152000-7fae9a153000 rw-p 00000000 00:00 0 
7fae9a153000-7fae9a154000 r--p 00000000 00:00 0 
7fae9a154000-7fae9a156000 rw-p 00000000 00:00 0 
7fae9a156000-7fae9a157000 r--p 00025000 08:05 2888604                    /lib/x86_64-linux-gnu/ld-2.23.so
7fae9a157000-7fae9a158000 rw-p 00026000 08:05 2888604                    /lib/x86_64-linux-gnu/ld-2.23.so
7fae9a158000-7fae9a159000 rw-p 00000000 00:00 0 
7ffe92bc2000-7ffe92be3000 rw-p 00000000 00:00 0                          [stack]
7ffe92bee000-7ffe92bf0000 r--p 00000000 00:00 0                          [vvar]
7ffe92bf0000-7ffe92bf2000 r-xp 00000000 00:00 0                          [vdso]
ffffffffff600000-ffffffffff601000 r-xp 00000000 00:00 0                  [vsyscall]

VM Arguments:
jvm_args: -Dfile.encoding=UTF-8 
java_command: View.Logins
java_class_path (initial): /home/sulistiana/netbeans-8.2/ide/modules/ext/mysql-connector-java-5.1.23-bin.jar:/home/sulistiana/NetBeansProjects/Tubes/Tubes/build/classes
Launcher Type: SUN_STANDARD

Environment Variables:
JAVA_HOME=/usr/lib/jvm/java-8-oracle
PATH=/usr/local/sbin:/usr/local/bin:/usr/sbin:/usr/bin:/sbin:/bin:/usr/games:/usr/local/games:/snap/bin:/usr/lib/jvm/java-8-oracle/bin:/usr/lib/jvm/java-8-oracle/db/bin:/usr/lib/jvm/java-8-oracle/jre/bin
LD_LIBRARY_PATH=/home/sulistiana/jdk1.8.0_111/jre/lib/amd64:/home/sulistiana/jdk1.8.0_111/jre/lib/i386:
SHELL=/bin/bash
DISPLAY=:0

Signal Handlers:
SIGSEGV: [libjvm.so+0xac64b0], sa_mask[0]=11111111011111111101111111111110, sa_flags=SA_RESTART|SA_SIGINFO
SIGBUS: [libjvm.so+0xac64b0], sa_mask[0]=11111111011111111101111111111110, sa_flags=SA_RESTART|SA_SIGINFO
SIGFPE: [libjvm.so+0x91f950], sa_mask[0]=11111111011111111101111111111110, sa_flags=SA_RESTART|SA_SIGINFO
SIGPIPE: [libjvm.so+0x91f950], sa_mask[0]=11111111011111111101111111111110, sa_flags=SA_RESTART|SA_SIGINFO
SIGXFSZ: [libjvm.so+0x91f950], sa_mask[0]=11111111011111111101111111111110, sa_flags=SA_RESTART|SA_SIGINFO
SIGILL: [libjvm.so+0x91f950], sa_mask[0]=11111111011111111101111111111110, sa_flags=SA_RESTART|SA_SIGINFO
SIGUSR1: SIG_DFL, sa_mask[0]=00000000000000000000000000000000, sa_flags=none
SIGUSR2: [libjvm.so+0x920f80], sa_mask[0]=00100000000000000000000000000000, sa_flags=SA_RESTART|SA_SIGINFO
SIGHUP: [libjvm.so+0x922380], sa_mask[0]=11111111011111111101111111111110, sa_flags=SA_RESTART|SA_SIGINFO
SIGINT: SIG_IGN, sa_mask[0]=00000000000000000000000000000000, sa_flags=none
SIGTERM: [libjvm.so+0x922380], sa_mask[0]=11111111011111111101111111111110, sa_flags=SA_RESTART|SA_SIGINFO
SIGQUIT: [libjvm.so+0x922380], sa_mask[0]=11111111011111111101111111111110, sa_flags=SA_RESTART|SA_SIGINFO


---------------  S Y S T E M  ---------------

OS:DISTRIB_ID=Ubuntu
DISTRIB_RELEASE=16.04
DISTRIB_CODENAME=xenial
DISTRIB_DESCRIPTION="Ubuntu 16.04.1 LTS"

uname:Linux 4.4.0-57-generic #78-Ubuntu SMP Fri Dec 9 23:50:32 UTC 2016 x86_64
libc:glibc 2.23 NPTL 2.23 
rlimit: STACK 8192k, CORE 0k, NPROC 30548, NOFILE 65536, AS infinity
load average:13,69 2,90 1,00

/proc/meminfo:
MemTotal:        7859416 kB
MemFree:         1986272 kB
MemAvailable:    4107020 kB
Buffers:          138704 kB
Cached:          2413320 kB
SwapCached:         5344 kB
Active:          3752352 kB
Inactive:        1694956 kB
Active(anon):    2677028 kB
Inactive(anon):   608700 kB
Active(file):    1075324 kB
Inactive(file):  1086256 kB
Unevictable:         416 kB
Mlocked:             416 kB
SwapTotal:      15665148 kB
SwapFree:       15510184 kB
Dirty:                28 kB
Writeback:             0 kB
AnonPages:       2859556 kB
Mapped:           309904 kB
Shmem:            390212 kB
Slab:             315668 kB
SReclaimable:     262980 kB
SUnreclaim:        52688 kB
KernelStack:       12224 kB
PageTables:        43772 kB
NFS_Unstable:          0 kB
Bounce:                0 kB
WritebackTmp:          0 kB
CommitLimit:    19594856 kB
Committed_AS:    9062084 kB
VmallocTotal:   34359738367 kB
VmallocUsed:           0 kB
VmallocChunk:          0 kB
HardwareCorrupted:     0 kB
AnonHugePages:   2045952 kB
CmaTotal:              0 kB
CmaFree:               0 kB
HugePages_Total:       0
HugePages_Free:        0
HugePages_Rsvd:        0
HugePages_Surp:        0
Hugepagesize:       2048 kB
DirectMap4k:      215232 kB
DirectMap2M:     7854080 kB
DirectMap1G:     1048576 kB


CPU:total 4 (2 cores per cpu, 2 threads per core) family 6 model 69 stepping 1, cmov, cx8, fxsr, mmx, sse, sse2, sse3, ssse3, sse4.1, sse4.2, popcnt, avx, avx2, aes, clmul, erms, lzcnt, ht, tsc, tscinvbit, bmi1, bmi2

/proc/cpuinfo:
processor	: 0
vendor_id	: GenuineIntel
cpu family	: 6
model		: 69
model name	: Intel(R) Core(TM) i5-4300U CPU @ 1.90GHz
stepping	: 1
microcode	: 0x1d
cpu MHz		: 2458.593
cache size	: 3072 KB
physical id	: 0
siblings	: 4
core id		: 0
cpu cores	: 2
apicid		: 0
initial apicid	: 0
fpu		: yes
fpu_exception	: yes
cpuid level	: 13
wp		: yes
flags		: fpu vme de pse tsc msr pae mce cx8 apic sep mtrr pge mca cmov pat pse36 clflush dts acpi mmx fxsr sse sse2 ss ht tm pbe syscall nx pdpe1gb rdtscp lm constant_tsc arch_perfmon pebs bts rep_good nopl xtopology nonstop_tsc aperfmperf eagerfpu pni pclmulqdq dtes64 monitor ds_cpl vmx smx est tm2 ssse3 sdbg fma cx16 xtpr pdcm pcid sse4_1 sse4_2 x2apic movbe popcnt tsc_deadline_timer aes xsave avx f16c rdrand lahf_lm abm epb tpr_shadow vnmi flexpriority ept vpid fsgsbase tsc_adjust bmi1 avx2 smep bmi2 erms invpcid xsaveopt dtherm ida arat pln pts
bugs		:
bogomips	: 4988.19
clflush size	: 64
cache_alignment	: 64
address sizes	: 39 bits physical, 48 bits virtual
power management:

processor	: 1
vendor_id	: GenuineIntel
cpu family	: 6
model		: 69
model name	: Intel(R) Core(TM) i5-4300U CPU @ 1.90GHz
stepping	: 1
microcode	: 0x1d
cpu MHz		: 2433.496
cache size	: 3072 KB
physical id	: 0
siblings	: 4
core id		: 0
cpu cores	: 2
apicid		: 1
initial apicid	: 1
fpu		: yes
fpu_exception	: yes
cpuid level	: 13
wp		: yes
flags		: fpu vme de pse tsc msr pae mce cx8 apic sep mtrr pge mca cmov pat pse36 clflush dts acpi mmx fxsr sse sse2 ss ht tm pbe syscall nx pdpe1gb rdtscp lm constant_tsc arch_perfmon pebs bts rep_good nopl xtopology nonstop_tsc aperfmperf eagerfpu pni pclmulqdq dtes64 monitor ds_cpl vmx smx est tm2 ssse3 sdbg fma cx16 xtpr pdcm pcid sse4_1 sse4_2 x2apic movbe popcnt tsc_deadline_timer aes xsave avx f16c rdrand lahf_lm abm epb tpr_shadow vnmi flexpriority ept vpid fsgsbase tsc_adjust bmi1 avx2 smep bmi2 erms invpcid xsaveopt dtherm ida arat pln pts
bugs		:
bogomips	: 4988.19
clflush size	: 64
cache_alignment	: 64
address sizes	: 39 bits physical, 48 bits virtual
power management:

processor	: 2
vendor_id	: GenuineIntel
cpu family	: 6
model		: 69
model name	: Intel(R) Core(TM) i5-4300U CPU @ 1.90GHz
stepping	: 1
microcode	: 0x1d
cpu MHz		: 2475.000
cache size	: 3072 KB
physical id	: 0
siblings	: 4
core id		: 1
cpu cores	: 2
apicid		: 2
initial apicid	: 2
fpu		: yes
fpu_exception	: yes
cpuid level	: 13
wp		: yes
flags		: fpu vme de pse tsc msr pae mce cx8 apic sep mtrr pge mca cmov pat pse36 clflush dts acpi mmx fxsr sse sse2 ss ht tm pbe syscall nx pdpe1gb rdtscp lm constant_tsc arch_perfmon pebs bts rep_good nopl xtopology nonstop_tsc aperfmperf eagerfpu pni pclmulqdq dtes64 monitor ds_cpl vmx smx est tm2 ssse3 sdbg fma cx16 xtpr pdcm pcid sse4_1 sse4_2 x2apic movbe popcnt tsc_deadline_timer aes xsave avx f16c rdrand lahf_lm abm epb tpr_shadow vnmi flexpriority ept vpid fsgsbase tsc_adjust bmi1 avx2 smep bmi2 erms invpcid xsaveopt dtherm ida arat pln pts
bugs		:
bogomips	: 4988.19
clflush size	: 64
cache_alignment	: 64
address sizes	: 39 bits physical, 48 bits virtual
power management:

processor	: 3
vendor_id	: GenuineIntel
cpu family	: 6
model		: 69
model name	: Intel(R) Core(TM) i5-4300U CPU @ 1.90GHz
stepping	: 1
microcode	: 0x1d
cpu MHz		: 2475.000
cache size	: 3072 KB
physical id	: 0
siblings	: 4
core id		: 1
cpu cores	: 2
apicid		: 3
initial apicid	: 3
fpu		: yes
fpu_exception	: yes
cpuid level	: 13
wp		: yes
flags		: fpu vme de pse tsc msr pae mce cx8 apic sep mtrr pge mca cmov pat pse36 clflush dts acpi mmx fxsr sse sse2 ss ht tm pbe syscall nx pdpe1gb rdtscp lm constant_tsc arch_perfmon pebs bts rep_good nopl xtopology nonstop_tsc aperfmperf eagerfpu pni pclmulqdq dtes64 monitor ds_cpl vmx smx est tm2 ssse3 sdbg fma cx16 xtpr pdcm pcid sse4_1 sse4_2 x2apic movbe popcnt tsc_deadline_timer aes xsave avx f16c rdrand lahf_lm abm epb tpr_shadow vnmi flexpriority ept vpid fsgsbase tsc_adjust bmi1 avx2 smep bmi2 erms invpcid xsaveopt dtherm ida arat pln pts
bugs		:
bogomips	: 4988.19
clflush size	: 64
cache_alignment	: 64
address sizes	: 39 bits physical, 48 bits virtual
power management:



Memory: 4k page, physical 7859416k(1986272k free), swap 15665148k(15510184k free)

vm_info: Java HotSpot(TM) 64-Bit Server VM (25.111-b14) for linux-amd64 JRE (1.8.0_111-b14), built on Sep 22 2016 16:14:03 by "java_re" with gcc 4.3.0 20080428 (Red Hat 4.3.0-8)

time: Tue Jan 10 03:53:03 2017
elapsed time: 39647 seconds (0d 11h 0m 47s)

