#
# A fatal error has been detected by the Java Runtime Environment:
#
#  SIGSEGV (0xb) at pc=0x00007f1b4d069a7a, pid=22531, tid=0x00007f1b3ced5700
#
# JRE version: Java(TM) SE Runtime Environment (8.0_111-b14) (build 1.8.0_111-b14)
# Java VM: Java HotSpot(TM) 64-Bit Server VM (25.111-b14 mixed mode linux-amd64 compressed oops)
# Problematic frame:
# v  ~BufferBlob::jni_fast_GetLongField
#
# Failed to write core dump. Core dumps have been disabled. To enable core dumping, try "ulimit -c unlimited" before starting Java again
#
# If you would like to submit a bug report, please visit:
#   http://bugreport.java.com/bugreport/crash.jsp
# The crash happened outside the Java Virtual Machine in native code.
# See problematic frame for where to report the bug.
#

---------------  T H R E A D  ---------------

Current thread (0x00007f1b5c222000):  JavaThread "AWT-XAWT" daemon [_thread_in_native, id=22552, stack(0x00007f1b3cdd5000,0x00007f1b3ced6000)]

siginfo: si_signo: 11 (SIGSEGV), si_code: 1 (SEGV_MAPERR), si_addr: 0x0000000000000000

Registers:
RAX=0x00007f1b63e91520, RBX=0x00007f1b5c2221f8, RCX=0x00007f1b648f82c0, RDX=0x0000000000000042
RSP=0x00007f1b3ced4488, RBP=0x00007f1b3ced44b0, RSI=0x0000000000000000, RDI=0x00007f1b5c2221f8
R8 =0x00000000d9e19ed8, R9 =0x0000000000000000, R10=0x00000000000000c0, R11=0x00000000000001f4
R12=0x00007f1b042f6c50, R13=0x0000000000000000, R14=0x00007f1b3ec667e0, R15=0x00007f1b5c222000
RIP=0x00007f1b4d069a7a, EFLAGS=0x0000000000010246, CSGSFS=0x0000000000000033, ERR=0x0000000000000004
  TRAPNO=0x000000000000000e

Top of Stack: (sp=0x00007f1b3ced4488)
0x00007f1b3ced4488:   00007f1b3ea44ee1 00007f1aff563f20
0x00007f1b3ced4498:   00007f1b042f6c50 00007f1b4d7d0950
0x00007f1b3ced44a8:   00007f1b3ced4530 0000000000000000
0x00007f1b3ced44b8:   00007f1b3e5263c0 00007f1aff563f20
0x00007f1b3ced44c8:   00007f1b3ced44f0 0000000000000000
0x00007f1b3ced44d8:   00007f1b3e51df93 00007f1b4d7d0950
0x00007f1b3ced44e8:   00007f1b3ea3e11f 00007f1b3ced4540
0x00007f1b3ced44f8:   00007f1b4d4de3b6 00000000d9e10208
0x00007f1b3ced4508:   00000000da052060 00000000d9fa3c40
0x00007f1b3ced4518:   00000000d8467d30 0000000000800003
0x00007f1b3ced4528:   00000000da052060 0000000088000950
0x00007f1b3ced4538:   0000000000000272 00007f1b3ced4780
0x00007f1b3ced4548:   00007f1b4d7d4abc 0000000000000059
0x00007f1b3ced4558:   00007f1b6063f8f8 00007f1b5c2216b0
0x00007f1b3ced4568:   00007f1b0c000020 0000000000000040
0x00007f1b3ced4578:   0000000000000040 00007f1b4d7d0950
0x00007f1b3ced4588:   0000000000000000 00007f1b3ced4630
0x00007f1b3ced4598:   00007f1b63f805a4 00007f1b3ced46f0
0x00007f1b3ced45a8:   00007f1b63e94284 00007f1b3ced45f0
0x00007f1b3ced45b8:   00007f1b63828bd5 000000043ced4600
0x00007f1b3ced45c8:   00007f1b3ced4630 0000000000000040
0x00007f1b3ced45d8:   00007f1b3ced4630 0000000000000040
0x00007f1b3ced45e8:   00007f1b4d7d0950 00007f1b3ced4690
0x00007f1b3ced45f8:   00007f1b638cea95 00007f1b3ced46b0
0x00007f1b3ced4608:   000000004d020b98 00007f1b4d0055d0
0x00007f1b3ced4618:   00000000d9e10548 00000000d9e104f0
0x00007f1b3ced4628:   00000000d9e10548 0000000000000000
0x00007f1b3ced4638:   00000000d9e104f0 00000000d9e104f0
0x00007f1b3ced4648:   00000000d9e10548 00000000d9e10548
0x00007f1b3ced4658:   00000000d9e104f0 0000000000000000
0x00007f1b3ced4668:   0000000088000900 00000000d9e19938
0x00007f1b3ced4678:   00000000d9e40310 00007f1b0c002e20 

Instructions: (pc=0x00007f1b4d069a7a)
0x00007f1b4d069a5a:   00 00 00 00 00 00 44 8b 15 21 75 e6 16 4c 8b ce
0x00007f1b4d069a6a:   41 f6 c2 01 0f 85 2e 00 00 00 4d 33 ca 4d 33 ca
0x00007f1b4d069a7a:   4d 8b 09 4c 8b da 49 c1 eb 02 4b 8b 04 19 49 bb
0x00007f1b4d069a8a:   88 0f ed 63 1b 7f 00 00 4c 33 d8 4c 33 d8 45 3b 

Register to memory mapping:

RAX=0x00007f1b63e91520: <offset 0xf84520> in /home/sulistiana/jdk1.8.0_111/jre/lib/amd64/server/libjvm.so at 0x00007f1b62f0d000
RBX=0x00007f1b5c2221f8 is an unknown value
RCX=0x00007f1b648f82c0: <offset 0x2182c0> in /lib/x86_64-linux-gnu/libpthread.so.0 at 0x00007f1b646e0000
RDX=0x0000000000000042 is an unknown value
RSP=0x00007f1b3ced4488 is pointing into the stack for thread: 0x00007f1b5c222000
RBP=0x00007f1b3ced44b0 is pointing into the stack for thread: 0x00007f1b5c222000
RSI=0x0000000000000000 is an unknown value
RDI=0x00007f1b5c2221f8 is an unknown value
R8 =0x00000000d9e19ed8 is an oop
sun.util.logging.PlatformLogger$Level 
 - klass: 'sun/util/logging/PlatformLogger$Level'
R9 =0x0000000000000000 is an unknown value
R10=0x00000000000000c0 is an unknown value
R11=0x00000000000001f4 is an unknown value
R12=0x00007f1b042f6c50 is an unknown value
R13=0x0000000000000000 is an unknown value
R14=0x00007f1b3ec667e0: <offset 0x2587e0> in /home/sulistiana/jdk1.8.0_111/jre/lib/amd64/libawt_xawt.so at 0x00007f1b3ea0e000
R15=0x00007f1b5c222000 is a thread


Stack: [0x00007f1b3cdd5000,0x00007f1b3ced6000],  sp=0x00007f1b3ced4488,  free space=1021k
Native frames: (J=compiled Java code, j=interpreted, Vv=VM code, C=native code)
v  ~BufferBlob::jni_fast_GetLongField
C  [libX11.so.6+0x643c0]  _XimServerDestroy+0x70

Java frames: (J=compiled Java code, j=interpreted, Vv=VM code)
J 1667  sun.awt.X11.XlibWrapper.XFilterEvent(JJ)Z (0 bytes) @ 0x00007f1b4d4de344 [0x00007f1b4d4de300+0x44]
J 2611% C1 sun.awt.X11.XToolkit.run(Z)V (410 bytes) @ 0x00007f1b4d7d4abc [0x00007f1b4d7d1320+0x379c]
j  sun.awt.X11.XToolkit.run()V+5
j  java.lang.Thread.run()V+11
v  ~StubRoutines::call_stub

---------------  P R O C E S S  ---------------

Java Threads: ( => current thread )
  0x00007f1b04305000 JavaThread "TimerQueue" daemon [_thread_blocked, id=22558, stack(0x00007f1aff277000,0x00007f1aff378000)]
  0x00007f1b04150000 JavaThread "Abandoned connection cleanup thread" daemon [_thread_blocked, id=22555, stack(0x00007f1aff9a5000,0x00007f1affaa6000)]
  0x00007f1b5c009800 JavaThread "DestroyJavaVM" [_thread_blocked, id=22533, stack(0x00007f1b649f8000,0x00007f1b64af9000)]
  0x00007f1b5c2ab000 JavaThread "AWT-EventQueue-0" [_thread_blocked, id=22554, stack(0x00007f1b3c4aa000,0x00007f1b3c5ab000)]
  0x00007f1b5c239800 JavaThread "AWT-Shutdown" [_thread_blocked, id=22553, stack(0x00007f1b3c5ab000,0x00007f1b3c6ac000)]
=>0x00007f1b5c222000 JavaThread "AWT-XAWT" daemon [_thread_in_native, id=22552, stack(0x00007f1b3cdd5000,0x00007f1b3ced6000)]
  0x00007f1b5c205000 JavaThread "Java2D Disposer" daemon [_thread_blocked, id=22551, stack(0x00007f1b3d2e6000,0x00007f1b3d3e7000)]
  0x00007f1b5c0c1000 JavaThread "Service Thread" daemon [_thread_blocked, id=22548, stack(0x00007f1b3f03a000,0x00007f1b3f13b000)]
  0x00007f1b5c0be000 JavaThread "C1 CompilerThread2" daemon [_thread_blocked, id=22547, stack(0x00007f1b3f13b000,0x00007f1b3f23c000)]
  0x00007f1b5c0bc000 JavaThread "C2 CompilerThread1" daemon [_thread_blocked, id=22546, stack(0x00007f1b3f23c000,0x00007f1b3f33d000)]
  0x00007f1b5c0b9000 JavaThread "C2 CompilerThread0" daemon [_thread_blocked, id=22545, stack(0x00007f1b3f33d000,0x00007f1b3f43e000)]
  0x00007f1b5c0b7800 JavaThread "Signal Dispatcher" daemon [_thread_in_vm, id=22544, stack(0x00007f1b3f43e000,0x00007f1b3f53f000)]
  0x00007f1b5c084000 JavaThread "Finalizer" daemon [_thread_blocked, id=22543, stack(0x00007f1b3feff000,0x00007f1b40000000)]
  0x00007f1b5c07f800 JavaThread "Reference Handler" daemon [_thread_blocked, id=22542, stack(0x00007f1b440fd000,0x00007f1b441fe000)]

Other Threads:
  0x00007f1b5c077800 VMThread [stack: 0x00007f1b441fe000,0x00007f1b442ff000] [id=22541]
  0x00007f1b5c0c4000 WatcherThread [stack: 0x00007f1b3ef39000,0x00007f1b3f03a000] [id=22549]

VM state:not at safepoint (normal execution)

VM Mutex/Monitor currently owned by a thread:  ([mutex/lock_event])
[0x00007f1b5c006030] Threads_lock - owner thread: 0x00007f1b5c0b7800

Heap:
 PSYoungGen      total 35840K, used 10419K [0x00000000d8000000, 0x00000000da800000, 0x0000000100000000)
  eden space 30720K, 17% used [0x00000000d8000000,0x00000000d8531f90,0x00000000d9e00000)
  from space 5120K, 99% used [0x00000000d9e00000,0x00000000da2fad80,0x00000000da300000)
  to   space 5120K, 0% used [0x00000000da300000,0x00000000da300000,0x00000000da800000)
 ParOldGen       total 81920K, used 883K [0x0000000088000000, 0x000000008d000000, 0x00000000d8000000)
  object space 81920K, 1% used [0x0000000088000000,0x00000000880dccc0,0x000000008d000000)
 Metaspace       used 18271K, capacity 18444K, committed 18688K, reserved 1064960K
  class space    used 2124K, capacity 2198K, committed 2304K, reserved 1048576K

Card table byte_map: [0x00007f1b613e6000,0x00007f1b617a7000] byte_map_base: 0x00007f1b60fa6000

Marking Bits: (ParMarkBitMap*) 0x00007f1b63ed0220
 Begin Bits: [0x00007f1b44400000, 0x00007f1b46200000)
 End Bits:   [0x00007f1b46200000, 0x00007f1b48000000)

Polling page: 0x00007f1b64b1f000

CodeCache: size=245760Kb used=8059Kb max_used=8059Kb free=237700Kb
 bounds [0x00007f1b4d000000, 0x00007f1b4d7f0000, 0x00007f1b5c000000]
 total_blobs=3121 nmethods=2500 adapters=532
 compilation: enabled

Compilation events (10 events):
Event: 6151,353 Thread 0x00007f1b5c0be000 2608   !   3       com.mysql.jdbc.AbandonedConnectionCleanupThread::run (68 bytes)
Event: 6151,354 Thread 0x00007f1b5c0be000 nmethod 2608 0x00007f1b4d7cc490 code [0x00007f1b4d7cc700, 0x00007f1b4d7cd558]
Event: 10150,515 Thread 0x00007f1b5c0b9000 2609 % !   4       com.mysql.jdbc.AbandonedConnectionCleanupThread::run @ 11 (68 bytes)
Event: 10150,516 Thread 0x00007f1b5c0b9000 nmethod 2609% 0x00007f1b4d7c4910 code [0x00007f1b4d7c4a60, 0x00007f1b4d7c4b68]
Event: 10615,013 Thread 0x00007f1b5c0be000 2610       3       sun.awt.X11.XClientMessageEvent::get_message_type (20 bytes)
Event: 10615,043 Thread 0x00007f1b5c0be000 nmethod 2610 0x00007f1b4d7d0210 code [0x00007f1b4d7d03a0, 0x00007f1b4d7d0768]
Event: 26948,986 Thread 0x00007f1b5c0be000 2611 % !   3       sun.awt.X11.XToolkit::run @ 59 (410 bytes)
Event: 26949,001 Thread 0x00007f1b5c0be000 nmethod 2611% 0x00007f1b4d7d0950 code [0x00007f1b4d7d1320, 0x00007f1b4d7d8c98]
Event: 27461,609 Thread 0x00007f1b5c0be000 2612   !   3       sun.awt.X11.XToolkit::run (410 bytes)
Event: 27461,619 Thread 0x00007f1b5c0be000 nmethod 2612 0x00007f1b4d7dd990 code [0x00007f1b4d7de340, 0x00007f1b4d7e46f8]

GC Heap History (2 events):
Event: 57,972 GC heap before
{Heap before GC invocations=1 (full 0):
 PSYoungGen      total 35840K, used 30720K [0x00000000d8000000, 0x00000000da800000, 0x0000000100000000)
  eden space 30720K, 100% used [0x00000000d8000000,0x00000000d9e00000,0x00000000d9e00000)
  from space 5120K, 0% used [0x00000000da300000,0x00000000da300000,0x00000000da800000)
  to   space 5120K, 0% used [0x00000000d9e00000,0x00000000d9e00000,0x00000000da300000)
 ParOldGen       total 81920K, used 0K [0x0000000088000000, 0x000000008d000000, 0x00000000d8000000)
  object space 81920K, 0% used [0x0000000088000000,0x0000000088000000,0x000000008d000000)
 Metaspace       used 18142K, capacity 18316K, committed 18688K, reserved 1064960K
  class space    used 2122K, capacity 2198K, committed 2304K, reserved 1048576K
Event: 57,992 GC heap after
Heap after GC invocations=1 (full 0):
 PSYoungGen      total 35840K, used 5099K [0x00000000d8000000, 0x00000000da800000, 0x0000000100000000)
  eden space 30720K, 0% used [0x00000000d8000000,0x00000000d8000000,0x00000000d9e00000)
  from space 5120K, 99% used [0x00000000d9e00000,0x00000000da2fad80,0x00000000da300000)
  to   space 5120K, 0% used [0x00000000da300000,0x00000000da300000,0x00000000da800000)
 ParOldGen       total 81920K, used 883K [0x0000000088000000, 0x000000008d000000, 0x00000000d8000000)
  object space 81920K, 1% used [0x0000000088000000,0x00000000880dccc0,0x000000008d000000)
 Metaspace       used 18142K, capacity 18316K, committed 18688K, reserved 1064960K
  class space    used 2122K, capacity 2198K, committed 2304K, reserved 1048576K
}

Deoptimization events (10 events):
Event: 0,727 Thread 0x00007f1b5c2ab000 Uncommon trap: reason=unstable_if action=reinterpret pc=0x00007f1b4d1b8250 method=java.util.Properties.loadConvert([CII[C)Ljava/lang/String; @ 72
Event: 0,832 Thread 0x00007f1b5c2ab000 Uncommon trap: reason=bimorphic action=maybe_recompile pc=0x00007f1b4d2f8758 method=java.util.Properties$LineReader.readLine()I @ 62
Event: 0,832 Thread 0x00007f1b5c2ab000 Uncommon trap: reason=bimorphic action=maybe_recompile pc=0x00007f1b4d2f8758 method=java.util.Properties$LineReader.readLine()I @ 62
Event: 0,956 Thread 0x00007f1b5c2ab000 Uncommon trap: reason=unstable_if action=reinterpret pc=0x00007f1b4d32ebf4 method=java.nio.charset.CoderResult.isUnderflow()Z @ 4
Event: 0,972 Thread 0x00007f1b5c2ab000 Uncommon trap: reason=class_check action=maybe_recompile pc=0x00007f1b4d16b264 method=java.lang.String.equals(Ljava/lang/Object;)Z @ 8
Event: 0,975 Thread 0x00007f1b5c2ab000 Uncommon trap: reason=class_check action=maybe_recompile pc=0x00007f1b4d16b264 method=java.lang.String.equals(Ljava/lang/Object;)Z @ 8
Event: 57,996 Thread 0x00007f1b5c2ab000 Uncommon trap: reason=unstable_if action=reinterpret pc=0x00007f1b4d6b62f8 method=java.lang.ref.SoftReference.get()Ljava/lang/Object; @ 17
Event: 57,996 Thread 0x00007f1b5c2ab000 Uncommon trap: reason=unstable_if action=reinterpret pc=0x00007f1b4d6a86d4 method=java.lang.ref.SoftReference.get()Ljava/lang/Object; @ 17
Event: 57,996 Thread 0x00007f1b5c2ab000 Uncommon trap: reason=unstable_if action=reinterpret pc=0x00007f1b4d2bbce0 method=java.lang.ref.SoftReference.get()Ljava/lang/Object; @ 17
Event: 62,213 Thread 0x00007f1b5c2ab000 Uncommon trap: reason=null_check action=make_not_entrant pc=0x00007f1b4d77a128 method=javax.swing.plaf.nimbus.NimbusDefaults$LazyStyle.matches(Ljava/awt/Component;I)Z @ 39

Internal exceptions (10 events):
Event: 3,288 Thread 0x00007f1b5c2ab000 Exception <a 'java/lang/UnsupportedOperationException': > (0x00000000d94fc580) thrown at [/HUDSON3/workspace/8-2-build-linux-amd64/jdk8u111/7883/hotspot/src/share/vm/prims/jni.cpp, line 735]
Event: 33,830 Thread 0x00007f1b5c2ab000 Exception <a 'java/lang/UnsupportedOperationException': > (0x00000000d97ed108) thrown at [/HUDSON3/workspace/8-2-build-linux-amd64/jdk8u111/7883/hotspot/src/share/vm/prims/jni.cpp, line 735]
Event: 35,310 Thread 0x00007f1b5c2ab000 Exception <a 'java/lang/UnsupportedOperationException': > (0x00000000d98a1b08) thrown at [/HUDSON3/workspace/8-2-build-linux-amd64/jdk8u111/7883/hotspot/src/share/vm/prims/jni.cpp, line 735]
Event: 38,844 Thread 0x00007f1b5c2ab000 Exception <a 'java/lang/UnsupportedOperationException': > (0x00000000d9928aa0) thrown at [/HUDSON3/workspace/8-2-build-linux-amd64/jdk8u111/7883/hotspot/src/share/vm/prims/jni.cpp, line 735]
Event: 46,248 Thread 0x00007f1b5c2ab000 Exception <a 'java/lang/UnsupportedOperationException': > (0x00000000d9ab4400) thrown at [/HUDSON3/workspace/8-2-build-linux-amd64/jdk8u111/7883/hotspot/src/share/vm/prims/jni.cpp, line 735]
Event: 47,673 Thread 0x00007f1b5c2ab000 Exception <a 'java/lang/UnsupportedOperationException': > (0x00000000d9beb3f8) thrown at [/HUDSON3/workspace/8-2-build-linux-amd64/jdk8u111/7883/hotspot/src/share/vm/prims/jni.cpp, line 735]
Event: 53,807 Thread 0x00007f1b5c2ab000 Exception <a 'java/lang/UnsupportedOperationException': > (0x00000000d9d96768) thrown at [/HUDSON3/workspace/8-2-build-linux-amd64/jdk8u111/7883/hotspot/src/share/vm/prims/jni.cpp, line 735]
Event: 58,080 Thread 0x00007f1b5c2ab000 Exception <a 'java/lang/UnsupportedOperationException': > (0x00000000d8106848) thrown at [/HUDSON3/workspace/8-2-build-linux-amd64/jdk8u111/7883/hotspot/src/share/vm/prims/jni.cpp, line 735]
Event: 62,213 Thread 0x00007f1b5c2ab000 Implicit null exception at 0x00007f1b4d7769b0 to 0x00007f1b4d77a105
Event: 62,317 Thread 0x00007f1b5c2ab000 Exception <a 'java/lang/UnsupportedOperationException': > (0x00000000d839d998) thrown at [/HUDSON3/workspace/8-2-build-linux-amd64/jdk8u111/7883/hotspot/src/share/vm/prims/jni.cpp, line 735]

Events (10 events):
Event: 62,217 Executing VM operation: BulkRevokeBias
Event: 62,217 Executing VM operation: BulkRevokeBias done
Event: 62,222 Executing VM operation: RevokeBias
Event: 62,222 Executing VM operation: RevokeBias done
Event: 4202,549 loading class sun/awt/X11/XkbEvent
Event: 4202,549 loading class sun/awt/X11/XkbEvent done
Event: 4202,549 loading class sun/awt/X11/XkbAnyEvent
Event: 4202,549 loading class sun/awt/X11/XkbAnyEvent done
Event: 10970,605 Thread 0x00007f1b04150000 DEOPT PACKING pc=0x00007f1b4d7cab16 sp=0x00007f1affaa4880
Event: 10970,606 Thread 0x00007f1b04150000 DEOPT UNPACKING pc=0x00007f1b4d047633 sp=0x00007f1affaa4660 mode 0


Dynamic libraries:
00400000-00401000 r-xp 00000000 08:06 1349610                            /home/sulistiana/jdk1.8.0_111/bin/java
00600000-00601000 rw-p 00000000 08:06 1349610                            /home/sulistiana/jdk1.8.0_111/bin/java
0140e000-0142f000 rw-p 00000000 00:00 0                                  [heap]
88000000-8d000000 rw-p 00000000 00:00 0 
8d000000-d8000000 ---p 00000000 00:00 0 
d8000000-da800000 rw-p 00000000 00:00 0 
da800000-100000000 ---p 00000000 00:00 0 
100000000-100240000 rw-p 00000000 00:00 0 
100240000-140000000 ---p 00000000 00:00 0 
7f1ae8000000-7f1ae8021000 rw-p 00000000 00:00 0 
7f1ae8021000-7f1aec000000 ---p 00000000 00:00 0 
7f1af0000000-7f1af0021000 rw-p 00000000 00:00 0 
7f1af0021000-7f1af4000000 ---p 00000000 00:00 0 
7f1af4000000-7f1af4021000 rw-p 00000000 00:00 0 
7f1af4021000-7f1af8000000 ---p 00000000 00:00 0 
7f1af8000000-7f1af8021000 rw-p 00000000 00:00 0 
7f1af8021000-7f1afc000000 ---p 00000000 00:00 0 
7f1aff176000-7f1aff277000 rw-p 00000000 00:00 0 
7f1aff277000-7f1aff27a000 ---p 00000000 00:00 0 
7f1aff27a000-7f1aff578000 rw-p 00000000 00:00 0 
7f1aff578000-7f1aff5a2000 r-xp 00000000 08:06 1349696                    /home/sulistiana/jdk1.8.0_111/jre/lib/amd64/libdcpr.so
7f1aff5a2000-7f1aff7a2000 ---p 0002a000 08:06 1349696                    /home/sulistiana/jdk1.8.0_111/jre/lib/amd64/libdcpr.so
7f1aff7a2000-7f1aff7a5000 rw-p 0002a000 08:06 1349696                    /home/sulistiana/jdk1.8.0_111/jre/lib/amd64/libdcpr.so
7f1aff7a5000-7f1aff9a5000 rw-p 00000000 00:00 0 
7f1aff9a5000-7f1aff9a8000 ---p 00000000 00:00 0 
7f1aff9a8000-7f1affaa6000 rw-p 00000000 00:00 0 
7f1affaa6000-7f1affb0f000 r-xp 00000000 08:06 1349755                    /home/sulistiana/jdk1.8.0_111/jre/lib/amd64/libt2k.so
7f1affb0f000-7f1affd0f000 ---p 00069000 08:06 1349755                    /home/sulistiana/jdk1.8.0_111/jre/lib/amd64/libt2k.so
7f1affd0f000-7f1affd16000 rw-p 00069000 08:06 1349755                    /home/sulistiana/jdk1.8.0_111/jre/lib/amd64/libt2k.so
7f1affd16000-7f1affd26000 rw-p 00000000 00:00 0 
7f1affdfe000-7f1affe01000 ---p 00000000 00:00 0 
7f1affe01000-7f1affeff000 rw-p 00000000 00:00 0 
7f1affeff000-7f1afff02000 ---p 00000000 00:00 0 
7f1afff02000-7f1b00000000 rw-p 00000000 00:00 0 
7f1b00000000-7f1b00021000 rw-p 00000000 00:00 0 
7f1b00021000-7f1b04000000 ---p 00000000 00:00 0 
7f1b04000000-7f1b0458d000 rw-p 00000000 00:00 0 
7f1b0458d000-7f1b08000000 ---p 00000000 00:00 0 
7f1b08000000-7f1b08021000 rw-p 00000000 00:00 0 
7f1b08021000-7f1b0c000000 ---p 00000000 00:00 0 
7f1b0c000000-7f1b0c033000 rw-p 00000000 00:00 0 
7f1b0c033000-7f1b10000000 ---p 00000000 00:00 0 
7f1b10000000-7f1b10021000 rw-p 00000000 00:00 0 
7f1b10021000-7f1b14000000 ---p 00000000 00:00 0 
7f1b14000000-7f1b14021000 rw-p 00000000 00:00 0 
7f1b14021000-7f1b18000000 ---p 00000000 00:00 0 
7f1b18000000-7f1b18ca9000 rw-p 00000000 00:00 0 
7f1b18ca9000-7f1b1c000000 ---p 00000000 00:00 0 
7f1b1c000000-7f1b1c704000 rw-p 00000000 00:00 0 
7f1b1c704000-7f1b20000000 ---p 00000000 00:00 0 
7f1b20000000-7f1b20021000 rw-p 00000000 00:00 0 
7f1b20021000-7f1b24000000 ---p 00000000 00:00 0 
7f1b24000000-7f1b245e4000 rw-p 00000000 00:00 0 
7f1b245e4000-7f1b28000000 ---p 00000000 00:00 0 
7f1b28000000-7f1b28021000 rw-p 00000000 00:00 0 
7f1b28021000-7f1b2c000000 ---p 00000000 00:00 0 
7f1b2c000000-7f1b2c021000 rw-p 00000000 00:00 0 
7f1b2c021000-7f1b30000000 ---p 00000000 00:00 0 
7f1b30000000-7f1b30021000 rw-p 00000000 00:00 0 
7f1b30021000-7f1b34000000 ---p 00000000 00:00 0 
7f1b34000000-7f1b34091000 rw-p 00000000 00:00 0 
7f1b34091000-7f1b38000000 ---p 00000000 00:00 0 
7f1b38000000-7f1b38021000 rw-p 00000000 00:00 0 
7f1b38021000-7f1b3c000000 ---p 00000000 00:00 0 
7f1b3c052000-7f1b3c05d000 r--s 00000000 08:05 1313885                    /var/cache/fontconfig/945677eb7aeaf62f1d50efc3fb3ec7d8-le64.cache-6
7f1b3c05d000-7f1b3c05f000 r--s 00000000 08:05 1319971                    /var/cache/fontconfig/99e8ed0e538f840c565b6ed5dad60d56-le64.cache-6
7f1b3c05f000-7f1b3c068000 r--s 00000000 08:05 1319970                    /var/cache/fontconfig/a6d8cf8e4ec09cdbc8633c31745a07dd-le64.cache-6
7f1b3c068000-7f1b3c06e000 r--s 00000000 08:05 1316038                    /var/cache/fontconfig/2cd17615ca594fa2959ae173292e504c-le64.cache-6
7f1b3c06e000-7f1b3c06f000 r--s 00000000 08:05 1316030                    /var/cache/fontconfig/0d8c3b2ac0904cb8a57a757ad11a4a08-le64.cache-6
7f1b3c06f000-7f1b3c0aa000 r--s 00000000 08:05 1311802                    /var/cache/fontconfig/365b55f210c0a22e9a19e35191240f32-le64.cache-6
7f1b3c0aa000-7f1b3c2aa000 rw-p 00000000 00:00 0 
7f1b3c2aa000-7f1b3c4aa000 rw-p 00000000 00:00 0 
7f1b3c4aa000-7f1b3c4ad000 ---p 00000000 00:00 0 
7f1b3c4ad000-7f1b3c5ab000 rw-p 00000000 00:00 0 
7f1b3c5ab000-7f1b3c5ae000 ---p 00000000 00:00 0 
7f1b3c5ae000-7f1b3c6ac000 rw-p 00000000 00:00 0 
7f1b3c6ac000-7f1b3c6bd000 r-xp 00000000 08:06 1349716                    /home/sulistiana/jdk1.8.0_111/jre/lib/amd64/libnio.so
7f1b3c6bd000-7f1b3c8bc000 ---p 00011000 08:06 1349716                    /home/sulistiana/jdk1.8.0_111/jre/lib/amd64/libnio.so
7f1b3c8bc000-7f1b3c8bd000 rw-p 00010000 08:06 1349716                    /home/sulistiana/jdk1.8.0_111/jre/lib/amd64/libnio.so
7f1b3c8bd000-7f1b3cbbe000 rw-p 00000000 00:00 0 
7f1b3cbbe000-7f1b3cbd4000 r-xp 00000000 08:06 1349691                    /home/sulistiana/jdk1.8.0_111/jre/lib/amd64/libnet.so
7f1b3cbd4000-7f1b3cdd4000 ---p 00016000 08:06 1349691                    /home/sulistiana/jdk1.8.0_111/jre/lib/amd64/libnet.so
7f1b3cdd4000-7f1b3cdd5000 rw-p 00016000 08:06 1349691                    /home/sulistiana/jdk1.8.0_111/jre/lib/amd64/libnet.so
7f1b3cdd5000-7f1b3cdd8000 ---p 00000000 00:00 0 
7f1b3cdd8000-7f1b3ced6000 rw-p 00000000 00:00 0 
7f1b3ced6000-7f1b3cedb000 r-xp 00000000 08:05 533076                     /usr/lib/x86_64-linux-gnu/libXfixes.so.3.1.0
7f1b3cedb000-7f1b3d0da000 ---p 00005000 08:05 533076                     /usr/lib/x86_64-linux-gnu/libXfixes.so.3.1.0
7f1b3d0da000-7f1b3d0db000 r--p 00004000 08:05 533076                     /usr/lib/x86_64-linux-gnu/libXfixes.so.3.1.0
7f1b3d0db000-7f1b3d0dc000 rw-p 00005000 08:05 533076                     /usr/lib/x86_64-linux-gnu/libXfixes.so.3.1.0
7f1b3d0dc000-7f1b3d0e5000 r-xp 00000000 08:05 533068                     /usr/lib/x86_64-linux-gnu/libXcursor.so.1.0.2
7f1b3d0e5000-7f1b3d2e4000 ---p 00009000 08:05 533068                     /usr/lib/x86_64-linux-gnu/libXcursor.so.1.0.2
7f1b3d2e4000-7f1b3d2e5000 r--p 00008000 08:05 533068                     /usr/lib/x86_64-linux-gnu/libXcursor.so.1.0.2
7f1b3d2e5000-7f1b3d2e6000 rw-p 00009000 08:05 533068                     /usr/lib/x86_64-linux-gnu/libXcursor.so.1.0.2
7f1b3d2e6000-7f1b3d2e9000 ---p 00000000 00:00 0 
7f1b3d2e9000-7f1b3d3e7000 rw-p 00000000 00:00 0 
7f1b3d3e7000-7f1b3d3fd000 r-xp 00000000 08:05 2888670                    /lib/x86_64-linux-gnu/libgcc_s.so.1
7f1b3d3fd000-7f1b3d5fc000 ---p 00016000 08:05 2888670                    /lib/x86_64-linux-gnu/libgcc_s.so.1
7f1b3d5fc000-7f1b3d5fd000 rw-p 00015000 08:05 2888670                    /lib/x86_64-linux-gnu/libgcc_s.so.1
7f1b3d5fd000-7f1b3d662000 r-xp 00000000 08:06 1349710                    /home/sulistiana/jdk1.8.0_111/jre/lib/amd64/libfontmanager.so
7f1b3d662000-7f1b3d861000 ---p 00065000 08:06 1349710                    /home/sulistiana/jdk1.8.0_111/jre/lib/amd64/libfontmanager.so
7f1b3d861000-7f1b3d866000 rw-p 00064000 08:06 1349710                    /home/sulistiana/jdk1.8.0_111/jre/lib/amd64/libfontmanager.so
7f1b3d866000-7f1b3d876000 rw-p 00000000 00:00 0 
7f1b3d876000-7f1b3d87b000 r-xp 00000000 08:05 533072                     /usr/lib/x86_64-linux-gnu/libXdmcp.so.6.0.0
7f1b3d87b000-7f1b3da7a000 ---p 00005000 08:05 533072                     /usr/lib/x86_64-linux-gnu/libXdmcp.so.6.0.0
7f1b3da7a000-7f1b3da7b000 r--p 00004000 08:05 533072                     /usr/lib/x86_64-linux-gnu/libXdmcp.so.6.0.0
7f1b3da7b000-7f1b3da7c000 rw-p 00005000 08:05 533072                     /usr/lib/x86_64-linux-gnu/libXdmcp.so.6.0.0
7f1b3da7c000-7f1b3da7e000 r-xp 00000000 08:05 533061                     /usr/lib/x86_64-linux-gnu/libXau.so.6.0.0
7f1b3da7e000-7f1b3dc7e000 ---p 00002000 08:05 533061                     /usr/lib/x86_64-linux-gnu/libXau.so.6.0.0
7f1b3dc7e000-7f1b3dc7f000 r--p 00002000 08:05 533061                     /usr/lib/x86_64-linux-gnu/libXau.so.6.0.0
7f1b3dc7f000-7f1b3dc80000 rw-p 00003000 08:05 533061                     /usr/lib/x86_64-linux-gnu/libXau.so.6.0.0
7f1b3dc80000-7f1b3dca1000 r-xp 00000000 08:05 534439                     /usr/lib/x86_64-linux-gnu/libxcb.so.1.1.0
7f1b3dca1000-7f1b3dea0000 ---p 00021000 08:05 534439                     /usr/lib/x86_64-linux-gnu/libxcb.so.1.1.0
7f1b3dea0000-7f1b3dea1000 r--p 00020000 08:05 534439                     /usr/lib/x86_64-linux-gnu/libxcb.so.1.1.0
7f1b3dea1000-7f1b3dea2000 rw-p 00021000 08:05 534439                     /usr/lib/x86_64-linux-gnu/libxcb.so.1.1.0
7f1b3dea2000-7f1b3deb1000 r-xp 00000000 08:05 533082                     /usr/lib/x86_64-linux-gnu/libXi.so.6.1.0
7f1b3deb1000-7f1b3e0b0000 ---p 0000f000 08:05 533082                     /usr/lib/x86_64-linux-gnu/libXi.so.6.1.0
7f1b3e0b0000-7f1b3e0b1000 r--p 0000e000 08:05 533082                     /usr/lib/x86_64-linux-gnu/libXi.so.6.1.0
7f1b3e0b1000-7f1b3e0b2000 rw-p 0000f000 08:05 533082                     /usr/lib/x86_64-linux-gnu/libXi.so.6.1.0
7f1b3e0b2000-7f1b3e0b7000 r-xp 00000000 08:05 533100                     /usr/lib/x86_64-linux-gnu/libXtst.so.6.1.0
7f1b3e0b7000-7f1b3e2b6000 ---p 00005000 08:05 533100                     /usr/lib/x86_64-linux-gnu/libXtst.so.6.1.0
7f1b3e2b6000-7f1b3e2b7000 r--p 00004000 08:05 533100                     /usr/lib/x86_64-linux-gnu/libXtst.so.6.1.0
7f1b3e2b7000-7f1b3e2b8000 rw-p 00005000 08:05 533100                     /usr/lib/x86_64-linux-gnu/libXtst.so.6.1.0
7f1b3e2b8000-7f1b3e2c1000 r-xp 00000000 08:05 533094                     /usr/lib/x86_64-linux-gnu/libXrender.so.1.3.0
7f1b3e2c1000-7f1b3e4c0000 ---p 00009000 08:05 533094                     /usr/lib/x86_64-linux-gnu/libXrender.so.1.3.0
7f1b3e4c0000-7f1b3e4c1000 r--p 00008000 08:05 533094                     /usr/lib/x86_64-linux-gnu/libXrender.so.1.3.0
7f1b3e4c1000-7f1b3e4c2000 rw-p 00009000 08:05 533094                     /usr/lib/x86_64-linux-gnu/libXrender.so.1.3.0
7f1b3e4c2000-7f1b3e5f7000 r-xp 00000000 08:05 533057                     /usr/lib/x86_64-linux-gnu/libX11.so.6.3.0
7f1b3e5f7000-7f1b3e7f7000 ---p 00135000 08:05 533057                     /usr/lib/x86_64-linux-gnu/libX11.so.6.3.0
7f1b3e7f7000-7f1b3e7f8000 r--p 00135000 08:05 533057                     /usr/lib/x86_64-linux-gnu/libX11.so.6.3.0
7f1b3e7f8000-7f1b3e7fc000 rw-p 00136000 08:05 533057                     /usr/lib/x86_64-linux-gnu/libX11.so.6.3.0
7f1b3e7fc000-7f1b3e80d000 r-xp 00000000 08:05 533074                     /usr/lib/x86_64-linux-gnu/libXext.so.6.4.0
7f1b3e80d000-7f1b3ea0c000 ---p 00011000 08:05 533074                     /usr/lib/x86_64-linux-gnu/libXext.so.6.4.0
7f1b3ea0c000-7f1b3ea0d000 r--p 00010000 08:05 533074                     /usr/lib/x86_64-linux-gnu/libXext.so.6.4.0
7f1b3ea0d000-7f1b3ea0e000 rw-p 00011000 08:05 533074                     /usr/lib/x86_64-linux-gnu/libXext.so.6.4.0
7f1b3ea0e000-7f1b3ea62000 r-xp 00000000 08:06 1349718                    /home/sulistiana/jdk1.8.0_111/jre/lib/amd64/libawt_xawt.so
7f1b3ea62000-7f1b3ec62000 ---p 00054000 08:06 1349718                    /home/sulistiana/jdk1.8.0_111/jre/lib/amd64/libawt_xawt.so
7f1b3ec62000-7f1b3ec66000 rw-p 00054000 08:06 1349718                    /home/sulistiana/jdk1.8.0_111/jre/lib/amd64/libawt_xawt.so
7f1b3ec66000-7f1b3ec67000 rw-p 00000000 00:00 0 
7f1b3ec67000-7f1b3ed09000 r-xp 00000000 08:06 1349758                    /home/sulistiana/jdk1.8.0_111/jre/lib/amd64/libawt.so
7f1b3ed09000-7f1b3ef09000 ---p 000a2000 08:06 1349758                    /home/sulistiana/jdk1.8.0_111/jre/lib/amd64/libawt.so
7f1b3ef09000-7f1b3ef15000 rw-p 000a2000 08:06 1349758                    /home/sulistiana/jdk1.8.0_111/jre/lib/amd64/libawt.so
7f1b3ef15000-7f1b3ef39000 rw-p 00000000 00:00 0 
7f1b3ef39000-7f1b3ef3a000 ---p 00000000 00:00 0 
7f1b3ef3a000-7f1b3f03a000 rw-p 00000000 00:00 0 
7f1b3f03a000-7f1b3f03d000 ---p 00000000 00:00 0 
7f1b3f03d000-7f1b3f13b000 rw-p 00000000 00:00 0 
7f1b3f13b000-7f1b3f13e000 ---p 00000000 00:00 0 
7f1b3f13e000-7f1b3f23c000 rw-p 00000000 00:00 0 
7f1b3f23c000-7f1b3f23f000 ---p 00000000 00:00 0 
7f1b3f23f000-7f1b3f33d000 rw-p 00000000 00:00 0 
7f1b3f33d000-7f1b3f340000 ---p 00000000 00:00 0 
7f1b3f340000-7f1b3f43e000 rw-p 00000000 00:00 0 
7f1b3f43e000-7f1b3f441000 ---p 00000000 00:00 0 
7f1b3f441000-7f1b3f53f000 rw-p 00000000 00:00 0 
7f1b3f53f000-7f1b3feff000 r--p 00000000 08:05 531798                     /usr/lib/locale/locale-archive
7f1b3feff000-7f1b3ff02000 ---p 00000000 00:00 0 
7f1b3ff02000-7f1b40000000 rw-p 00000000 00:00 0 
7f1b40000000-7f1b40021000 rw-p 00000000 00:00 0 
7f1b40021000-7f1b44000000 ---p 00000000 00:00 0 
7f1b44000000-7f1b44004000 r--s 00000000 08:05 1316017                    /var/cache/fontconfig/de156ccd2eddbdc19d37a45b8b2aac9c-le64.cache-6
7f1b44004000-7f1b44019000 r--s 00000000 08:05 1315054                    /var/cache/fontconfig/04aabc0a78ac019cf9454389977116d2-le64.cache-6
7f1b44019000-7f1b4401a000 r--s 00000000 08:05 1315053                    /var/cache/fontconfig/1ac9eb803944fde146138c791f5cc56a-le64.cache-6
7f1b4401a000-7f1b4401e000 r--s 00000000 08:05 1315052                    /var/cache/fontconfig/385c0604a188198f04d133e54aba7fe7-le64.cache-6
7f1b4401e000-7f1b4401f000 r--s 00000000 08:05 1315051                    /var/cache/fontconfig/dc05db6664285cc2f12bf69c139ae4c3-le64.cache-6
7f1b4401f000-7f1b44022000 r--s 00000000 08:05 1315050                    /var/cache/fontconfig/767a8244fc0220cfb567a839d0392e0b-le64.cache-6
7f1b44022000-7f1b44023000 r--s 00000000 08:05 1315049                    /var/cache/fontconfig/4794a0821666d79190d59a36cb4f44b5-le64.cache-6
7f1b44023000-7f1b44028000 r--s 00000000 08:05 1315047                    /var/cache/fontconfig/8801497958630a81b71ace7c5f9b32a8-le64.cache-6
7f1b44028000-7f1b44029000 r--s 00000000 08:05 1315046                    /var/cache/fontconfig/bab58bb527bb656aaa9f116d68a48d89-le64.cache-6
7f1b44029000-7f1b44030000 r--s 00000000 08:05 1315045                    /var/cache/fontconfig/3047814df9a2f067bd2d96a2b9c36e5a-le64.cache-6
7f1b44030000-7f1b44031000 r--s 00000000 08:05 1315044                    /var/cache/fontconfig/56cf4f4769d0f4abc89a4895d7bd3ae1-le64.cache-6
7f1b44031000-7f1b44032000 r--s 00000000 08:05 1315043                    /var/cache/fontconfig/b9d506c9ac06c20b433354fa67a72993-le64.cache-6
7f1b44032000-7f1b44038000 r--s 00000000 08:05 1315042                    /var/cache/fontconfig/b47c4e1ecd0709278f4910c18777a504-le64.cache-6
7f1b44038000-7f1b44040000 r--s 00000000 08:05 1319969                    /var/cache/fontconfig/52f7bdb7ce746bfd7eaa1985bd9cfa93-le64.cache-6
7f1b44040000-7f1b44053000 r--s 00000000 08:05 1315041                    /var/cache/fontconfig/d52a8644073d54c13679302ca1180695-le64.cache-6
7f1b44053000-7f1b44054000 r--s 00000000 08:05 1315040                    /var/cache/fontconfig/551ecf3b0e8b0bca0f25c0944f561853-le64.cache-6
7f1b44054000-7f1b44058000 r--s 00000000 08:05 1313081                    /var/cache/fontconfig/d589a48862398ed80a3d6066f4f56f4c-le64.cache-6
7f1b44058000-7f1b44059000 r--s 00000000 08:05 1315038                    /var/cache/fontconfig/30829fa25452a46451e813d634d7f916-le64.cache-6
7f1b44059000-7f1b4405a000 r--s 00000000 08:05 1315037                    /var/cache/fontconfig/0c9eb80ebd1c36541ebe2852d3bb0c49-le64.cache-6
7f1b4405a000-7f1b4405d000 r--s 00000000 08:05 1315035                    /var/cache/fontconfig/75114ca45c98e8a441da0ff356701271-le64.cache-6
7f1b4405d000-7f1b44068000 r--s 00000000 08:05 1315034                    /var/cache/fontconfig/83bf95040141907cd45bb53cf7c1c148-le64.cache-6
7f1b44068000-7f1b4407a000 r--s 00000000 08:05 1313172                    /var/cache/fontconfig/9b89f8e3dae116d678bbf48e5f21f69b-le64.cache-6
7f1b4407a000-7f1b44087000 r--s 00000000 08:05 1310899                    /var/cache/fontconfig/e13b20fdb08344e0e664864cc2ede53d-le64.cache-6
7f1b44087000-7f1b4408b000 r--s 00000000 08:05 1313492                    /var/cache/fontconfig/7ef2298fde41cc6eeb7af42e48b7d293-le64.cache-6
7f1b4408b000-7f1b4408e000 r--s 00000000 08:06 1450965                    /home/sulistiana/.cache/fontconfig/ed6f1cd1ea37f7f30be579f423c5116b-le64.cache-6
7f1b440a6000-7f1b440b1000 r--s 00000000 08:05 1313885                    /var/cache/fontconfig/945677eb7aeaf62f1d50efc3fb3ec7d8-le64.cache-6
7f1b440b1000-7f1b440b3000 r--s 00000000 08:05 1319971                    /var/cache/fontconfig/99e8ed0e538f840c565b6ed5dad60d56-le64.cache-6
7f1b440b3000-7f1b440bc000 r--s 00000000 08:05 1319970                    /var/cache/fontconfig/a6d8cf8e4ec09cdbc8633c31745a07dd-le64.cache-6
7f1b440bc000-7f1b440c2000 r--s 00000000 08:05 1316038                    /var/cache/fontconfig/2cd17615ca594fa2959ae173292e504c-le64.cache-6
7f1b440c2000-7f1b440fd000 r--s 00000000 08:05 1311802                    /var/cache/fontconfig/365b55f210c0a22e9a19e35191240f32-le64.cache-6
7f1b440fd000-7f1b44100000 ---p 00000000 00:00 0 
7f1b44100000-7f1b441fe000 rw-p 00000000 00:00 0 
7f1b441fe000-7f1b441ff000 ---p 00000000 00:00 0 
7f1b441ff000-7f1b48000000 rw-p 00000000 00:00 0 
7f1b48000000-7f1b48021000 rw-p 00000000 00:00 0 
7f1b48021000-7f1b4c000000 ---p 00000000 00:00 0 
7f1b4c000000-7f1b4c001000 r--s 00000000 08:05 1316030                    /var/cache/fontconfig/0d8c3b2ac0904cb8a57a757ad11a4a08-le64.cache-6
7f1b4c001000-7f1b4c005000 r--s 00000000 08:05 1316017                    /var/cache/fontconfig/de156ccd2eddbdc19d37a45b8b2aac9c-le64.cache-6
7f1b4c005000-7f1b4c01a000 r--s 00000000 08:05 1315054                    /var/cache/fontconfig/04aabc0a78ac019cf9454389977116d2-le64.cache-6
7f1b4c01a000-7f1b4ce28000 rw-p 00000000 00:00 0 
7f1b4ce28000-7f1b4d000000 r--s 03d2a000 08:06 1349684                    /home/sulistiana/jdk1.8.0_111/jre/lib/rt.jar
7f1b4d000000-7f1b4d7f0000 rwxp 00000000 00:00 0 
7f1b4d7f0000-7f1b5c000000 ---p 00000000 00:00 0 
7f1b5c000000-7f1b5c2b5000 rw-p 00000000 00:00 0 
7f1b5c2b5000-7f1b60000000 ---p 00000000 00:00 0 
7f1b60000000-7f1b60001000 r--s 00000000 08:05 1315053                    /var/cache/fontconfig/1ac9eb803944fde146138c791f5cc56a-le64.cache-6
7f1b60001000-7f1b60005000 r--s 00000000 08:05 1315052                    /var/cache/fontconfig/385c0604a188198f04d133e54aba7fe7-le64.cache-6
7f1b60005000-7f1b60006000 r--s 00000000 08:05 1315051                    /var/cache/fontconfig/dc05db6664285cc2f12bf69c139ae4c3-le64.cache-6
7f1b60006000-7f1b60009000 r--s 00000000 08:05 1315050                    /var/cache/fontconfig/767a8244fc0220cfb567a839d0392e0b-le64.cache-6
7f1b60009000-7f1b6000a000 r--s 00000000 08:05 1315049                    /var/cache/fontconfig/4794a0821666d79190d59a36cb4f44b5-le64.cache-6
7f1b6000a000-7f1b6000f000 r--s 00000000 08:05 1315047                    /var/cache/fontconfig/8801497958630a81b71ace7c5f9b32a8-le64.cache-6
7f1b6000f000-7f1b60010000 r--s 00000000 08:05 1315046                    /var/cache/fontconfig/bab58bb527bb656aaa9f116d68a48d89-le64.cache-6
7f1b60010000-7f1b60017000 r--s 00000000 08:05 1315045                    /var/cache/fontconfig/3047814df9a2f067bd2d96a2b9c36e5a-le64.cache-6
7f1b60017000-7f1b60018000 r--s 00000000 08:05 1315044                    /var/cache/fontconfig/56cf4f4769d0f4abc89a4895d7bd3ae1-le64.cache-6
7f1b60018000-7f1b60019000 r--s 00000000 08:05 1315043                    /var/cache/fontconfig/b9d506c9ac06c20b433354fa67a72993-le64.cache-6
7f1b60019000-7f1b6001f000 r--s 00000000 08:05 1315042                    /var/cache/fontconfig/b47c4e1ecd0709278f4910c18777a504-le64.cache-6
7f1b6001f000-7f1b60027000 r--s 00000000 08:05 1319969                    /var/cache/fontconfig/52f7bdb7ce746bfd7eaa1985bd9cfa93-le64.cache-6
7f1b60027000-7f1b6003a000 r--s 00000000 08:05 1315041                    /var/cache/fontconfig/d52a8644073d54c13679302ca1180695-le64.cache-6
7f1b6003a000-7f1b6004c000 r--s 00000000 08:05 1313172                    /var/cache/fontconfig/9b89f8e3dae116d678bbf48e5f21f69b-le64.cache-6
7f1b6004c000-7f1b60059000 r--s 00000000 08:05 1310899                    /var/cache/fontconfig/e13b20fdb08344e0e664864cc2ede53d-le64.cache-6
7f1b60059000-7f1b60d62000 rw-p 00000000 00:00 0 
7f1b60d62000-7f1b60d63000 ---p 00000000 00:00 0 
7f1b60d63000-7f1b60e63000 rw-p 00000000 00:00 0 
7f1b60e63000-7f1b60e64000 ---p 00000000 00:00 0 
7f1b60e64000-7f1b60f64000 rw-p 00000000 00:00 0 
7f1b60f64000-7f1b60f65000 ---p 00000000 00:00 0 
7f1b60f65000-7f1b61065000 rw-p 00000000 00:00 0 
7f1b61065000-7f1b61066000 ---p 00000000 00:00 0 
7f1b61066000-7f1b6118e000 rw-p 00000000 00:00 0 
7f1b6118e000-7f1b613e6000 ---p 00000000 00:00 0 
7f1b613e6000-7f1b6140e000 rw-p 00000000 00:00 0 
7f1b6140e000-7f1b61666000 ---p 00000000 00:00 0 
7f1b61666000-7f1b6167a000 rw-p 00000000 00:00 0 
7f1b6167a000-7f1b617a6000 ---p 00000000 00:00 0 
7f1b617a6000-7f1b617c7000 rw-p 00000000 00:00 0 
7f1b617c7000-7f1b61b67000 ---p 00000000 00:00 0 
7f1b61b67000-7f1b61b81000 r-xp 00000000 08:06 1349714                    /home/sulistiana/jdk1.8.0_111/jre/lib/amd64/libzip.so
7f1b61b81000-7f1b61d81000 ---p 0001a000 08:06 1349714                    /home/sulistiana/jdk1.8.0_111/jre/lib/amd64/libzip.so
7f1b61d81000-7f1b61d82000 rw-p 0001a000 08:06 1349714                    /home/sulistiana/jdk1.8.0_111/jre/lib/amd64/libzip.so
7f1b61d82000-7f1b61d8d000 r-xp 00000000 08:05 2888731                    /lib/x86_64-linux-gnu/libnss_files-2.23.so
7f1b61d8d000-7f1b61f8c000 ---p 0000b000 08:05 2888731                    /lib/x86_64-linux-gnu/libnss_files-2.23.so
7f1b61f8c000-7f1b61f8d000 r--p 0000a000 08:05 2888731                    /lib/x86_64-linux-gnu/libnss_files-2.23.so
7f1b61f8d000-7f1b61f8e000 rw-p 0000b000 08:05 2888731                    /lib/x86_64-linux-gnu/libnss_files-2.23.so
7f1b61f8e000-7f1b61f94000 rw-p 00000000 00:00 0 
7f1b61f94000-7f1b61f9f000 r-xp 00000000 08:05 2888741                    /lib/x86_64-linux-gnu/libnss_nis-2.23.so
7f1b61f9f000-7f1b6219e000 ---p 0000b000 08:05 2888741                    /lib/x86_64-linux-gnu/libnss_nis-2.23.so
7f1b6219e000-7f1b6219f000 r--p 0000a000 08:05 2888741                    /lib/x86_64-linux-gnu/libnss_nis-2.23.so
7f1b6219f000-7f1b621a0000 rw-p 0000b000 08:05 2888741                    /lib/x86_64-linux-gnu/libnss_nis-2.23.so
7f1b621a0000-7f1b621b6000 r-xp 00000000 08:05 2888725                    /lib/x86_64-linux-gnu/libnsl-2.23.so
7f1b621b6000-7f1b623b5000 ---p 00016000 08:05 2888725                    /lib/x86_64-linux-gnu/libnsl-2.23.so
7f1b623b5000-7f1b623b6000 r--p 00015000 08:05 2888725                    /lib/x86_64-linux-gnu/libnsl-2.23.so
7f1b623b6000-7f1b623b7000 rw-p 00016000 08:05 2888725                    /lib/x86_64-linux-gnu/libnsl-2.23.so
7f1b623b7000-7f1b623b9000 rw-p 00000000 00:00 0 
7f1b623b9000-7f1b623c1000 r-xp 00000000 08:05 2888727                    /lib/x86_64-linux-gnu/libnss_compat-2.23.so
7f1b623c1000-7f1b625c0000 ---p 00008000 08:05 2888727                    /lib/x86_64-linux-gnu/libnss_compat-2.23.so
7f1b625c0000-7f1b625c1000 r--p 00007000 08:05 2888727                    /lib/x86_64-linux-gnu/libnss_compat-2.23.so
7f1b625c1000-7f1b625c2000 rw-p 00008000 08:05 2888727                    /lib/x86_64-linux-gnu/libnss_compat-2.23.so
7f1b625c2000-7f1b625ed000 r-xp 00000000 08:06 1349748                    /home/sulistiana/jdk1.8.0_111/jre/lib/amd64/libjava.so
7f1b625ed000-7f1b627ec000 ---p 0002b000 08:06 1349748                    /home/sulistiana/jdk1.8.0_111/jre/lib/amd64/libjava.so
7f1b627ec000-7f1b627ee000 rw-p 0002a000 08:06 1349748                    /home/sulistiana/jdk1.8.0_111/jre/lib/amd64/libjava.so
7f1b627ee000-7f1b627fb000 r-xp 00000000 08:06 1349692                    /home/sulistiana/jdk1.8.0_111/jre/lib/amd64/libverify.so
7f1b627fb000-7f1b629fa000 ---p 0000d000 08:06 1349692                    /home/sulistiana/jdk1.8.0_111/jre/lib/amd64/libverify.so
7f1b629fa000-7f1b629fc000 rw-p 0000c000 08:06 1349692                    /home/sulistiana/jdk1.8.0_111/jre/lib/amd64/libverify.so
7f1b629fc000-7f1b62a03000 r-xp 00000000 08:05 2888786                    /lib/x86_64-linux-gnu/librt-2.23.so
7f1b62a03000-7f1b62c02000 ---p 00007000 08:05 2888786                    /lib/x86_64-linux-gnu/librt-2.23.so
7f1b62c02000-7f1b62c03000 r--p 00006000 08:05 2888786                    /lib/x86_64-linux-gnu/librt-2.23.so
7f1b62c03000-7f1b62c04000 rw-p 00007000 08:05 2888786                    /lib/x86_64-linux-gnu/librt-2.23.so
7f1b62c04000-7f1b62d0c000 r-xp 00000000 08:05 2888702                    /lib/x86_64-linux-gnu/libm-2.23.so
7f1b62d0c000-7f1b62f0b000 ---p 00108000 08:05 2888702                    /lib/x86_64-linux-gnu/libm-2.23.so
7f1b62f0b000-7f1b62f0c000 r--p 00107000 08:05 2888702                    /lib/x86_64-linux-gnu/libm-2.23.so
7f1b62f0c000-7f1b62f0d000 rw-p 00108000 08:05 2888702                    /lib/x86_64-linux-gnu/libm-2.23.so
7f1b62f0d000-7f1b63bda000 r-xp 00000000 08:06 1349751                    /home/sulistiana/jdk1.8.0_111/jre/lib/amd64/server/libjvm.so
7f1b63bda000-7f1b63dd9000 ---p 00ccd000 08:06 1349751                    /home/sulistiana/jdk1.8.0_111/jre/lib/amd64/server/libjvm.so
7f1b63dd9000-7f1b63eb2000 rw-p 00ccc000 08:06 1349751                    /home/sulistiana/jdk1.8.0_111/jre/lib/amd64/server/libjvm.so
7f1b63eb2000-7f1b63efd000 rw-p 00000000 00:00 0 
7f1b63efd000-7f1b640bd000 r-xp 00000000 08:05 2888632                    /lib/x86_64-linux-gnu/libc-2.23.so
7f1b640bd000-7f1b642bc000 ---p 001c0000 08:05 2888632                    /lib/x86_64-linux-gnu/libc-2.23.so
7f1b642bc000-7f1b642c0000 r--p 001bf000 08:05 2888632                    /lib/x86_64-linux-gnu/libc-2.23.so
7f1b642c0000-7f1b642c2000 rw-p 001c3000 08:05 2888632                    /lib/x86_64-linux-gnu/libc-2.23.so
7f1b642c2000-7f1b642c6000 rw-p 00000000 00:00 0 
7f1b642c6000-7f1b642c9000 r-xp 00000000 08:05 2888656                    /lib/x86_64-linux-gnu/libdl-2.23.so
7f1b642c9000-7f1b644c8000 ---p 00003000 08:05 2888656                    /lib/x86_64-linux-gnu/libdl-2.23.so
7f1b644c8000-7f1b644c9000 r--p 00002000 08:05 2888656                    /lib/x86_64-linux-gnu/libdl-2.23.so
7f1b644c9000-7f1b644ca000 rw-p 00003000 08:05 2888656                    /lib/x86_64-linux-gnu/libdl-2.23.so
7f1b644ca000-7f1b644df000 r-xp 00000000 08:06 1346235                    /home/sulistiana/jdk1.8.0_111/lib/amd64/jli/libjli.so
7f1b644df000-7f1b646df000 ---p 00015000 08:06 1346235                    /home/sulistiana/jdk1.8.0_111/lib/amd64/jli/libjli.so
7f1b646df000-7f1b646e0000 rw-p 00015000 08:06 1346235                    /home/sulistiana/jdk1.8.0_111/lib/amd64/jli/libjli.so
7f1b646e0000-7f1b646f8000 r-xp 00000000 08:05 2888778                    /lib/x86_64-linux-gnu/libpthread-2.23.so
7f1b646f8000-7f1b648f7000 ---p 00018000 08:05 2888778                    /lib/x86_64-linux-gnu/libpthread-2.23.so
7f1b648f7000-7f1b648f8000 r--p 00017000 08:05 2888778                    /lib/x86_64-linux-gnu/libpthread-2.23.so
7f1b648f8000-7f1b648f9000 rw-p 00018000 08:05 2888778                    /lib/x86_64-linux-gnu/libpthread-2.23.so
7f1b648f9000-7f1b648fd000 rw-p 00000000 00:00 0 
7f1b648fd000-7f1b64923000 r-xp 00000000 08:05 2888604                    /lib/x86_64-linux-gnu/ld-2.23.so
7f1b64923000-7f1b6492e000 r--s 00000000 08:05 1315034                    /var/cache/fontconfig/83bf95040141907cd45bb53cf7c1c148-le64.cache-6
7f1b6492e000-7f1b649f8000 rw-p 00000000 00:00 0 
7f1b649f8000-7f1b649fb000 ---p 00000000 00:00 0 
7f1b649fb000-7f1b64afd000 rw-p 00000000 00:00 0 
7f1b64afd000-7f1b64afe000 r--s 00000000 08:05 1315040                    /var/cache/fontconfig/551ecf3b0e8b0bca0f25c0944f561853-le64.cache-6
7f1b64afe000-7f1b64b02000 r--s 00000000 08:05 1313081                    /var/cache/fontconfig/d589a48862398ed80a3d6066f4f56f4c-le64.cache-6
7f1b64b02000-7f1b64b03000 r--s 00000000 08:05 1315038                    /var/cache/fontconfig/30829fa25452a46451e813d634d7f916-le64.cache-6
7f1b64b03000-7f1b64b04000 r--s 00000000 08:05 1315037                    /var/cache/fontconfig/0c9eb80ebd1c36541ebe2852d3bb0c49-le64.cache-6
7f1b64b04000-7f1b64b07000 r--s 00000000 08:05 1315035                    /var/cache/fontconfig/75114ca45c98e8a441da0ff356701271-le64.cache-6
7f1b64b07000-7f1b64b0b000 r--s 00000000 08:05 1313492                    /var/cache/fontconfig/7ef2298fde41cc6eeb7af42e48b7d293-le64.cache-6
7f1b64b0b000-7f1b64b0e000 r--s 00000000 08:06 1450965                    /home/sulistiana/.cache/fontconfig/ed6f1cd1ea37f7f30be579f423c5116b-le64.cache-6
7f1b64b0e000-7f1b64b16000 r--s 000c4000 08:06 1354931                    /home/sulistiana/netbeans-8.2/ide/modules/ext/mysql-connector-java-5.1.23-bin.jar
7f1b64b16000-7f1b64b1e000 rw-s 00000000 08:05 3278151                    /tmp/hsperfdata_sulistiana/22531
7f1b64b1e000-7f1b64b1f000 rw-p 00000000 00:00 0 
7f1b64b1f000-7f1b64b20000 r--p 00000000 00:00 0 
7f1b64b20000-7f1b64b22000 rw-p 00000000 00:00 0 
7f1b64b22000-7f1b64b23000 r--p 00025000 08:05 2888604                    /lib/x86_64-linux-gnu/ld-2.23.so
7f1b64b23000-7f1b64b24000 rw-p 00026000 08:05 2888604                    /lib/x86_64-linux-gnu/ld-2.23.so
7f1b64b24000-7f1b64b25000 rw-p 00000000 00:00 0 
7ffe62ee9000-7ffe62f0a000 rw-p 00000000 00:00 0                          [stack]
7ffe62f7b000-7ffe62f7d000 r--p 00000000 00:00 0                          [vvar]
7ffe62f7d000-7ffe62f7f000 r-xp 00000000 00:00 0                          [vdso]
ffffffffff600000-ffffffffff601000 r-xp 00000000 00:00 0                  [vsyscall]

VM Arguments:
jvm_args: -Dfile.encoding=UTF-8 
java_command: View.Warehouse
java_class_path (initial): /home/sulistiana/netbeans-8.2/ide/modules/ext/mysql-connector-java-5.1.23-bin.jar:/home/sulistiana/NetBeansProjects/Tubes/Tubes/build/classes
Launcher Type: SUN_STANDARD

Environment Variables:
JAVA_HOME=/usr/lib/jvm/java-8-oracle
PATH=/usr/local/sbin:/usr/local/bin:/usr/sbin:/usr/bin:/sbin:/bin:/usr/games:/usr/local/games:/snap/bin:/usr/lib/jvm/java-8-oracle/bin:/usr/lib/jvm/java-8-oracle/db/bin:/usr/lib/jvm/java-8-oracle/jre/bin
LD_LIBRARY_PATH=/home/sulistiana/jdk1.8.0_111/jre/lib/amd64:/home/sulistiana/jdk1.8.0_111/jre/lib/i386:
SHELL=/bin/bash
DISPLAY=:0

Signal Handlers:
SIGSEGV: [libjvm.so+0xac64b0], sa_mask[0]=11111111011111111101111111111110, sa_flags=SA_RESTART|SA_SIGINFO
SIGBUS: [libjvm.so+0xac64b0], sa_mask[0]=11111111011111111101111111111110, sa_flags=SA_RESTART|SA_SIGINFO
SIGFPE: [libjvm.so+0x91f950], sa_mask[0]=11111111011111111101111111111110, sa_flags=SA_RESTART|SA_SIGINFO
SIGPIPE: [libjvm.so+0x91f950], sa_mask[0]=11111111011111111101111111111110, sa_flags=SA_RESTART|SA_SIGINFO
SIGXFSZ: [libjvm.so+0x91f950], sa_mask[0]=11111111011111111101111111111110, sa_flags=SA_RESTART|SA_SIGINFO
SIGILL: [libjvm.so+0x91f950], sa_mask[0]=11111111011111111101111111111110, sa_flags=SA_RESTART|SA_SIGINFO
SIGUSR1: SIG_DFL, sa_mask[0]=00000000000000000000000000000000, sa_flags=none
SIGUSR2: [libjvm.so+0x920f80], sa_mask[0]=00100000000000000000000000000000, sa_flags=SA_RESTART|SA_SIGINFO
SIGHUP: [libjvm.so+0x922380], sa_mask[0]=11111111011111111101111111111110, sa_flags=SA_RESTART|SA_SIGINFO
SIGINT: SIG_IGN, sa_mask[0]=00000000000000000000000000000000, sa_flags=none
SIGTERM: [libjvm.so+0x922380], sa_mask[0]=11111111011111111101111111111110, sa_flags=SA_RESTART|SA_SIGINFO
SIGQUIT: [libjvm.so+0x922380], sa_mask[0]=11111111011111111101111111111110, sa_flags=SA_RESTART|SA_SIGINFO


---------------  S Y S T E M  ---------------

OS:DISTRIB_ID=Ubuntu
DISTRIB_RELEASE=16.04
DISTRIB_CODENAME=xenial
DISTRIB_DESCRIPTION="Ubuntu 16.04.1 LTS"

uname:Linux 4.4.0-57-generic #78-Ubuntu SMP Fri Dec 9 23:50:32 UTC 2016 x86_64
libc:glibc 2.23 NPTL 2.23 
rlimit: STACK 8192k, CORE 0k, NPROC 30548, NOFILE 65536, AS infinity
load average:13,69 2,90 1,00

/proc/meminfo:
MemTotal:        7859416 kB
MemFree:         2904692 kB
MemAvailable:    5041716 kB
Buffers:          139492 kB
Cached:          2336572 kB
SwapCached:         3816 kB
Active:          2989352 kB
Inactive:        1571420 kB
Active(anon):    1904180 kB
Inactive(anon):   478276 kB
Active(file):    1085172 kB
Inactive(file):  1093144 kB
Unevictable:         268 kB
Mlocked:             264 kB
SwapTotal:      15665148 kB
SwapFree:       15601412 kB
Dirty:               760 kB
Writeback:             0 kB
AnonPages:       2057744 kB
Mapped:           166928 kB
Shmem:            297016 kB
Slab:             311264 kB
SReclaimable:     262520 kB
SUnreclaim:        48744 kB
KernelStack:       10352 kB
PageTables:        25064 kB
NFS_Unstable:          0 kB
Bounce:                0 kB
WritebackTmp:          0 kB
CommitLimit:    19594856 kB
Committed_AS:    4906464 kB
VmallocTotal:   34359738367 kB
VmallocUsed:           0 kB
VmallocChunk:          0 kB
HardwareCorrupted:     0 kB
AnonHugePages:   1689600 kB
CmaTotal:              0 kB
CmaFree:               0 kB
HugePages_Total:       0
HugePages_Free:        0
HugePages_Rsvd:        0
HugePages_Surp:        0
Hugepagesize:       2048 kB
DirectMap4k:      215232 kB
DirectMap2M:     7854080 kB
DirectMap1G:     1048576 kB


CPU:total 4 (2 cores per cpu, 2 threads per core) family 6 model 69 stepping 1, cmov, cx8, fxsr, mmx, sse, sse2, sse3, ssse3, sse4.1, sse4.2, popcnt, avx, avx2, aes, clmul, erms, lzcnt, ht, tsc, tscinvbit, bmi1, bmi2

/proc/cpuinfo:
processor	: 0
vendor_id	: GenuineIntel
cpu family	: 6
model		: 69
model name	: Intel(R) Core(TM) i5-4300U CPU @ 1.90GHz
stepping	: 1
microcode	: 0x1d
cpu MHz		: 2436.718
cache size	: 3072 KB
physical id	: 0
siblings	: 4
core id		: 0
cpu cores	: 2
apicid		: 0
initial apicid	: 0
fpu		: yes
fpu_exception	: yes
cpuid level	: 13
wp		: yes
flags		: fpu vme de pse tsc msr pae mce cx8 apic sep mtrr pge mca cmov pat pse36 clflush dts acpi mmx fxsr sse sse2 ss ht tm pbe syscall nx pdpe1gb rdtscp lm constant_tsc arch_perfmon pebs bts rep_good nopl xtopology nonstop_tsc aperfmperf eagerfpu pni pclmulqdq dtes64 monitor ds_cpl vmx smx est tm2 ssse3 sdbg fma cx16 xtpr pdcm pcid sse4_1 sse4_2 x2apic movbe popcnt tsc_deadline_timer aes xsave avx f16c rdrand lahf_lm abm epb tpr_shadow vnmi flexpriority ept vpid fsgsbase tsc_adjust bmi1 avx2 smep bmi2 erms invpcid xsaveopt dtherm ida arat pln pts
bugs		:
bogomips	: 4988.19
clflush size	: 64
cache_alignment	: 64
address sizes	: 39 bits physical, 48 bits virtual
power management:

processor	: 1
vendor_id	: GenuineIntel
cpu family	: 6
model		: 69
model name	: Intel(R) Core(TM) i5-4300U CPU @ 1.90GHz
stepping	: 1
microcode	: 0x1d
cpu MHz		: 2424.511
cache size	: 3072 KB
physical id	: 0
siblings	: 4
core id		: 0
cpu cores	: 2
apicid		: 1
initial apicid	: 1
fpu		: yes
fpu_exception	: yes
cpuid level	: 13
wp		: yes
flags		: fpu vme de pse tsc msr pae mce cx8 apic sep mtrr pge mca cmov pat pse36 clflush dts acpi mmx fxsr sse sse2 ss ht tm pbe syscall nx pdpe1gb rdtscp lm constant_tsc arch_perfmon pebs bts rep_good nopl xtopology nonstop_tsc aperfmperf eagerfpu pni pclmulqdq dtes64 monitor ds_cpl vmx smx est tm2 ssse3 sdbg fma cx16 xtpr pdcm pcid sse4_1 sse4_2 x2apic movbe popcnt tsc_deadline_timer aes xsave avx f16c rdrand lahf_lm abm epb tpr_shadow vnmi flexpriority ept vpid fsgsbase tsc_adjust bmi1 avx2 smep bmi2 erms invpcid xsaveopt dtherm ida arat pln pts
bugs		:
bogomips	: 4988.19
clflush size	: 64
cache_alignment	: 64
address sizes	: 39 bits physical, 48 bits virtual
power management:

processor	: 2
vendor_id	: GenuineIntel
cpu family	: 6
model		: 69
model name	: Intel(R) Core(TM) i5-4300U CPU @ 1.90GHz
stepping	: 1
microcode	: 0x1d
cpu MHz		: 2432.714
cache size	: 3072 KB
physical id	: 0
siblings	: 4
core id		: 1
cpu cores	: 2
apicid		: 2
initial apicid	: 2
fpu		: yes
fpu_exception	: yes
cpuid level	: 13
wp		: yes
flags		: fpu vme de pse tsc msr pae mce cx8 apic sep mtrr pge mca cmov pat pse36 clflush dts acpi mmx fxsr sse sse2 ss ht tm pbe syscall nx pdpe1gb rdtscp lm constant_tsc arch_perfmon pebs bts rep_good nopl xtopology nonstop_tsc aperfmperf eagerfpu pni pclmulqdq dtes64 monitor ds_cpl vmx smx est tm2 ssse3 sdbg fma cx16 xtpr pdcm pcid sse4_1 sse4_2 x2apic movbe popcnt tsc_deadline_timer aes xsave avx f16c rdrand lahf_lm abm epb tpr_shadow vnmi flexpriority ept vpid fsgsbase tsc_adjust bmi1 avx2 smep bmi2 erms invpcid xsaveopt dtherm ida arat pln pts
bugs		:
bogomips	: 4988.19
clflush size	: 64
cache_alignment	: 64
address sizes	: 39 bits physical, 48 bits virtual
power management:

processor	: 3
vendor_id	: GenuineIntel
cpu family	: 6
model		: 69
model name	: Intel(R) Core(TM) i5-4300U CPU @ 1.90GHz
stepping	: 1
microcode	: 0x1d
cpu MHz		: 2432.714
cache size	: 3072 KB
physical id	: 0
siblings	: 4
core id		: 1
cpu cores	: 2
apicid		: 3
initial apicid	: 3
fpu		: yes
fpu_exception	: yes
cpuid level	: 13
wp		: yes
flags		: fpu vme de pse tsc msr pae mce cx8 apic sep mtrr pge mca cmov pat pse36 clflush dts acpi mmx fxsr sse sse2 ss ht tm pbe syscall nx pdpe1gb rdtscp lm constant_tsc arch_perfmon pebs bts rep_good nopl xtopology nonstop_tsc aperfmperf eagerfpu pni pclmulqdq dtes64 monitor ds_cpl vmx smx est tm2 ssse3 sdbg fma cx16 xtpr pdcm pcid sse4_1 sse4_2 x2apic movbe popcnt tsc_deadline_timer aes xsave avx f16c rdrand lahf_lm abm epb tpr_shadow vnmi flexpriority ept vpid fsgsbase tsc_adjust bmi1 avx2 smep bmi2 erms invpcid xsaveopt dtherm ida arat pln pts
bugs		:
bogomips	: 4988.19
clflush size	: 64
cache_alignment	: 64
address sizes	: 39 bits physical, 48 bits virtual
power management:



Memory: 4k page, physical 7859416k(2988244k free), swap 15665148k(15604940k free)

vm_info: Java HotSpot(TM) 64-Bit Server VM (25.111-b14) for linux-amd64 JRE (1.8.0_111-b14), built on Sep 22 2016 16:14:03 by "java_re" with gcc 4.3.0 20080428 (Red Hat 4.3.0-8)

time: Tue Jan 10 03:53:04 2017
elapsed time: 39580 seconds (0d 10h 59m 40s)

